2015-08-29 17:31:12,020 - ResourceManager : found gtksourceview.vm with loader org.apache.velocity.runtime.resource.loader.ClasspathResourceLoader
2015-08-29 17:32:14,527 - Log4JLogChute initialized using file 'velocity.log'
2015-08-29 17:32:14,528 - The version of log4j being used does not support the "trace" level.
2015-08-29 17:32:14,528 - Initializing Velocity, Calling init()...
2015-08-29 17:32:14,528 - *******************************************************************
2015-08-29 17:32:14,528 - Starting Apache Velocity v1.7 (compiled: 2010-11-19 12:14:37)
2015-08-29 17:32:14,528 - RuntimeInstance initializing.
2015-08-29 17:32:14,528 - Default Properties File: org/apache/velocity/runtime/defaults/velocity.properties
2015-08-29 17:32:14,528 - Trying to use logger class org.apache.velocity.runtime.log.AvalonLogChute
2015-08-29 17:32:14,528 - Target log system for org.apache.velocity.runtime.log.AvalonLogChute is not available (java.lang.NoClassDefFoundError: org/apache/log/format/Formatter).  Falling back to next log system...
2015-08-29 17:32:14,528 - Trying to use logger class org.apache.velocity.runtime.log.Log4JLogChute
2015-08-29 17:32:14,528 - Using logger class org.apache.velocity.runtime.log.Log4JLogChute
2015-08-29 17:32:14,529 - Default ResourceManager initializing. (class org.apache.velocity.runtime.resource.ResourceManagerImpl)
2015-08-29 17:32:14,530 - ResourceLoader instantiated: org.apache.velocity.runtime.resource.loader.ClasspathResourceLoader
2015-08-29 17:32:14,531 - ClasspathResourceLoader : initialization complete.
2015-08-29 17:32:14,540 - ResourceCache: initialized (class org.apache.velocity.runtime.resource.ResourceCacheImpl) with class java.util.Collections$SynchronizedMap cache map.
2015-08-29 17:32:14,540 - Default ResourceManager initialization complete.
2015-08-29 17:32:14,541 - Loaded System Directive: org.apache.velocity.runtime.directive.Stop
2015-08-29 17:32:14,542 - Loaded System Directive: org.apache.velocity.runtime.directive.Define
2015-08-29 17:32:14,543 - Loaded System Directive: org.apache.velocity.runtime.directive.Break
2015-08-29 17:32:14,544 - Loaded System Directive: org.apache.velocity.runtime.directive.Evaluate
2015-08-29 17:32:14,544 - Loaded System Directive: org.apache.velocity.runtime.directive.Literal
2015-08-29 17:32:14,545 - Loaded System Directive: org.apache.velocity.runtime.directive.Macro
2015-08-29 17:32:14,546 - Loaded System Directive: org.apache.velocity.runtime.directive.Parse
2015-08-29 17:32:14,547 - Loaded System Directive: org.apache.velocity.runtime.directive.Include
2015-08-29 17:32:14,549 - Loaded System Directive: org.apache.velocity.runtime.directive.Foreach
2015-08-29 17:32:14,569 - Created '20' parsers.
2015-08-29 17:32:14,574 - Velocimacro : initialization starting.
2015-08-29 17:32:14,574 - Velocimacro : "velocimacro.library" is not set.  Trying default library: VM_global_library.vm
2015-08-29 17:32:14,575 - Could not load resource 'VM_global_library.vm' from ResourceLoader org.apache.velocity.runtime.resource.loader.ClasspathResourceLoader: ClasspathResourceLoader Error: cannot find resource VM_global_library.vm
2015-08-29 17:32:14,575 - Velocimacro : Default library not found.
2015-08-29 17:32:14,575 - Velocimacro : allowInline = true : VMs can be defined inline in templates
2015-08-29 17:32:14,575 - Velocimacro : allowInlineToOverride = false : VMs defined inline may NOT replace previous VM definitions
2015-08-29 17:32:14,575 - Velocimacro : allowInlineLocal = false : VMs defined inline will be global in scope if allowed.
2015-08-29 17:32:14,575 - Velocimacro : autoload off : VM system will not automatically reload global library macros
2015-08-29 17:32:14,575 - Velocimacro : Velocimacro : initialization complete.
2015-08-29 17:32:14,575 - RuntimeInstance successfully initialized.
2015-08-29 17:32:14,594 - ResourceManager : found gtksourceview.vm with loader org.apache.velocity.runtime.resource.loader.ClasspathResourceLoader
2015-08-29 17:33:38,924 - Log4JLogChute initialized using file 'velocity.log'
2015-08-29 17:33:38,924 - The version of log4j being used does not support the "trace" level.
2015-08-29 17:33:38,924 - Initializing Velocity, Calling init()...
2015-08-29 17:33:38,924 - *******************************************************************
2015-08-29 17:33:38,924 - Starting Apache Velocity v1.7 (compiled: 2010-11-19 12:14:37)
2015-08-29 17:33:38,924 - RuntimeInstance initializing.
2015-08-29 17:33:38,924 - Default Properties File: org/apache/velocity/runtime/defaults/velocity.properties
2015-08-29 17:33:38,924 - Trying to use logger class org.apache.velocity.runtime.log.AvalonLogChute
2015-08-29 17:33:38,924 - Target log system for org.apache.velocity.runtime.log.AvalonLogChute is not available (java.lang.NoClassDefFoundError: org/apache/log/format/Formatter).  Falling back to next log system...
2015-08-29 17:33:38,924 - Trying to use logger class org.apache.velocity.runtime.log.Log4JLogChute
2015-08-29 17:33:38,924 - Using logger class org.apache.velocity.runtime.log.Log4JLogChute
2015-08-29 17:33:38,926 - Default ResourceManager initializing. (class org.apache.velocity.runtime.resource.ResourceManagerImpl)
2015-08-29 17:33:38,927 - ResourceLoader instantiated: org.apache.velocity.runtime.resource.loader.ClasspathResourceLoader
2015-08-29 17:33:38,928 - ClasspathResourceLoader : initialization complete.
2015-08-29 17:33:38,941 - ResourceCache: initialized (class org.apache.velocity.runtime.resource.ResourceCacheImpl) with class java.util.Collections$SynchronizedMap cache map.
2015-08-29 17:33:38,941 - Default ResourceManager initialization complete.
2015-08-29 17:33:38,943 - Loaded System Directive: org.apache.velocity.runtime.directive.Stop
2015-08-29 17:33:38,943 - Loaded System Directive: org.apache.velocity.runtime.directive.Define
2015-08-29 17:33:38,944 - Loaded System Directive: org.apache.velocity.runtime.directive.Break
2015-08-29 17:33:38,945 - Loaded System Directive: org.apache.velocity.runtime.directive.Evaluate
2015-08-29 17:33:38,945 - Loaded System Directive: org.apache.velocity.runtime.directive.Literal
2015-08-29 17:33:38,946 - Loaded System Directive: org.apache.velocity.runtime.directive.Macro
2015-08-29 17:33:38,947 - Loaded System Directive: org.apache.velocity.runtime.directive.Parse
2015-08-29 17:33:38,949 - Loaded System Directive: org.apache.velocity.runtime.directive.Include
2015-08-29 17:33:38,949 - Loaded System Directive: org.apache.velocity.runtime.directive.Foreach
2015-08-29 17:33:38,972 - Created '20' parsers.
2015-08-29 17:33:38,976 - Velocimacro : initialization starting.
2015-08-29 17:33:38,976 - Velocimacro : "velocimacro.library" is not set.  Trying default library: VM_global_library.vm
2015-08-29 17:33:38,977 - Could not load resource 'VM_global_library.vm' from ResourceLoader org.apache.velocity.runtime.resource.loader.ClasspathResourceLoader: ClasspathResourceLoader Error: cannot find resource VM_global_library.vm
2015-08-29 17:33:38,977 - Velocimacro : Default library not found.
2015-08-29 17:33:38,977 - Velocimacro : allowInline = true : VMs can be defined inline in templates
2015-08-29 17:33:38,977 - Velocimacro : allowInlineToOverride = false : VMs defined inline may NOT replace previous VM definitions
2015-08-29 17:33:38,977 - Velocimacro : allowInlineLocal = false : VMs defined inline will be global in scope if allowed.
2015-08-29 17:33:38,977 - Velocimacro : autoload off : VM system will not automatically reload global library macros
2015-08-29 17:33:38,977 - Velocimacro : Velocimacro : initialization complete.
2015-08-29 17:33:38,977 - RuntimeInstance successfully initialized.
2015-08-29 17:33:38,998 - ResourceManager : found kate.vm with loader org.apache.velocity.runtime.resource.loader.ClasspathResourceLoader
2015-08-29 17:33:39,010 - Null reference [template 'kate.vm', line 31, column 83] : $cmment.getRight() cannot be resolved.
2015-08-29 17:33:49,851 - Log4JLogChute initialized using file 'velocity.log'
2015-08-29 17:33:49,851 - The version of log4j being used does not support the "trace" level.
2015-08-29 17:33:49,851 - Initializing Velocity, Calling init()...
2015-08-29 17:33:49,851 - *******************************************************************
2015-08-29 17:33:49,851 - Starting Apache Velocity v1.7 (compiled: 2010-11-19 12:14:37)
2015-08-29 17:33:49,851 - RuntimeInstance initializing.
2015-08-29 17:33:49,851 - Default Properties File: org/apache/velocity/runtime/defaults/velocity.properties
2015-08-29 17:33:49,851 - Trying to use logger class org.apache.velocity.runtime.log.AvalonLogChute
2015-08-29 17:33:49,851 - Target log system for org.apache.velocity.runtime.log.AvalonLogChute is not available (java.lang.NoClassDefFoundError: org/apache/log/format/Formatter).  Falling back to next log system...
2015-08-29 17:33:49,851 - Trying to use logger class org.apache.velocity.runtime.log.Log4JLogChute
2015-08-29 17:33:49,851 - Using logger class org.apache.velocity.runtime.log.Log4JLogChute
2015-08-29 17:33:49,853 - Default ResourceManager initializing. (class org.apache.velocity.runtime.resource.ResourceManagerImpl)
2015-08-29 17:33:49,854 - ResourceLoader instantiated: org.apache.velocity.runtime.resource.loader.ClasspathResourceLoader
2015-08-29 17:33:49,854 - ClasspathResourceLoader : initialization complete.
2015-08-29 17:33:49,863 - ResourceCache: initialized (class org.apache.velocity.runtime.resource.ResourceCacheImpl) with class java.util.Collections$SynchronizedMap cache map.
2015-08-29 17:33:49,863 - Default ResourceManager initialization complete.
2015-08-29 17:33:49,864 - Loaded System Directive: org.apache.velocity.runtime.directive.Stop
2015-08-29 17:33:49,865 - Loaded System Directive: org.apache.velocity.runtime.directive.Define
2015-08-29 17:33:49,866 - Loaded System Directive: org.apache.velocity.runtime.directive.Break
2015-08-29 17:33:49,868 - Loaded System Directive: org.apache.velocity.runtime.directive.Evaluate
2015-08-29 17:33:49,868 - Loaded System Directive: org.apache.velocity.runtime.directive.Literal
2015-08-29 17:33:49,869 - Loaded System Directive: org.apache.velocity.runtime.directive.Macro
2015-08-29 17:33:49,870 - Loaded System Directive: org.apache.velocity.runtime.directive.Parse
2015-08-29 17:33:49,871 - Loaded System Directive: org.apache.velocity.runtime.directive.Include
2015-08-29 17:33:49,872 - Loaded System Directive: org.apache.velocity.runtime.directive.Foreach
2015-08-29 17:33:49,893 - Created '20' parsers.
2015-08-29 17:33:49,897 - Velocimacro : initialization starting.
2015-08-29 17:33:49,897 - Velocimacro : "velocimacro.library" is not set.  Trying default library: VM_global_library.vm
2015-08-29 17:33:49,898 - Could not load resource 'VM_global_library.vm' from ResourceLoader org.apache.velocity.runtime.resource.loader.ClasspathResourceLoader: ClasspathResourceLoader Error: cannot find resource VM_global_library.vm
2015-08-29 17:33:49,898 - Velocimacro : Default library not found.
2015-08-29 17:33:49,898 - Velocimacro : allowInline = true : VMs can be defined inline in templates
2015-08-29 17:33:49,898 - Velocimacro : allowInlineToOverride = false : VMs defined inline may NOT replace previous VM definitions
2015-08-29 17:33:49,898 - Velocimacro : allowInlineLocal = false : VMs defined inline will be global in scope if allowed.
2015-08-29 17:33:49,898 - Velocimacro : autoload off : VM system will not automatically reload global library macros
2015-08-29 17:33:49,898 - Velocimacro : Velocimacro : initialization complete.
2015-08-29 17:33:49,898 - RuntimeInstance successfully initialized.
2015-08-29 17:33:49,918 - ResourceManager : found kate.vm with loader org.apache.velocity.runtime.resource.loader.ClasspathResourceLoader
2015-08-29 17:44:31,680 - Log4JLogChute initialized using file 'velocity.log'
2015-08-29 17:44:31,680 - The version of log4j being used does not support the "trace" level.
2015-08-29 17:44:31,680 - Initializing Velocity, Calling init()...
2015-08-29 17:44:31,680 - *******************************************************************
2015-08-29 17:44:31,680 - Starting Apache Velocity v1.7 (compiled: 2010-11-19 12:14:37)
2015-08-29 17:44:31,680 - RuntimeInstance initializing.
2015-08-29 17:44:31,680 - Default Properties File: org/apache/velocity/runtime/defaults/velocity.properties
2015-08-29 17:44:31,680 - Trying to use logger class org.apache.velocity.runtime.log.AvalonLogChute
2015-08-29 17:44:31,680 - Target log system for org.apache.velocity.runtime.log.AvalonLogChute is not available (java.lang.NoClassDefFoundError: org/apache/log/format/Formatter).  Falling back to next log system...
2015-08-29 17:44:31,680 - Trying to use logger class org.apache.velocity.runtime.log.Log4JLogChute
2015-08-29 17:44:31,680 - Using logger class org.apache.velocity.runtime.log.Log4JLogChute
2015-08-29 17:44:31,682 - Default ResourceManager initializing. (class org.apache.velocity.runtime.resource.ResourceManagerImpl)
2015-08-29 17:44:31,683 - ResourceLoader instantiated: org.apache.velocity.runtime.resource.loader.ClasspathResourceLoader
2015-08-29 17:44:31,683 - ClasspathResourceLoader : initialization complete.
2015-08-29 17:44:31,692 - ResourceCache: initialized (class org.apache.velocity.runtime.resource.ResourceCacheImpl) with class java.util.Collections$SynchronizedMap cache map.
2015-08-29 17:44:31,692 - Default ResourceManager initialization complete.
2015-08-29 17:44:31,693 - Loaded System Directive: org.apache.velocity.runtime.directive.Stop
2015-08-29 17:44:31,694 - Loaded System Directive: org.apache.velocity.runtime.directive.Define
2015-08-29 17:44:31,695 - Loaded System Directive: org.apache.velocity.runtime.directive.Break
2015-08-29 17:44:31,696 - Loaded System Directive: org.apache.velocity.runtime.directive.Evaluate
2015-08-29 17:44:31,696 - Loaded System Directive: org.apache.velocity.runtime.directive.Literal
2015-08-29 17:44:31,697 - Loaded System Directive: org.apache.velocity.runtime.directive.Macro
2015-08-29 17:44:31,698 - Loaded System Directive: org.apache.velocity.runtime.directive.Parse
2015-08-29 17:44:31,699 - Loaded System Directive: org.apache.velocity.runtime.directive.Include
2015-08-29 17:44:31,701 - Loaded System Directive: org.apache.velocity.runtime.directive.Foreach
2015-08-29 17:44:31,725 - Created '20' parsers.
2015-08-29 17:44:31,729 - Velocimacro : initialization starting.
2015-08-29 17:44:31,730 - Velocimacro : "velocimacro.library" is not set.  Trying default library: VM_global_library.vm
2015-08-29 17:44:31,730 - Could not load resource 'VM_global_library.vm' from ResourceLoader org.apache.velocity.runtime.resource.loader.ClasspathResourceLoader: ClasspathResourceLoader Error: cannot find resource VM_global_library.vm
2015-08-29 17:44:31,730 - Velocimacro : Default library not found.
2015-08-29 17:44:31,730 - Velocimacro : allowInline = true : VMs can be defined inline in templates
2015-08-29 17:44:31,730 - Velocimacro : allowInlineToOverride = false : VMs defined inline may NOT replace previous VM definitions
2015-08-29 17:44:31,730 - Velocimacro : allowInlineLocal = false : VMs defined inline will be global in scope if allowed.
2015-08-29 17:44:31,730 - Velocimacro : autoload off : VM system will not automatically reload global library macros
2015-08-29 17:44:31,730 - Velocimacro : Velocimacro : initialization complete.
2015-08-29 17:44:31,730 - RuntimeInstance successfully initialized.
2015-08-29 17:44:31,751 - Parser Exception: kate.vm
org.apache.velocity.runtime.parser.ParseException: Encountered "#end\n" at line 51, column 7.
Was expecting one of:
    <EOF> 
    "(" ...
    <RPAREN> ...
    <ESCAPE_DIRECTIVE> ...
    <SET_DIRECTIVE> ...
    "##" ...
    "\\\\" ...
    "\\" ...
    <TEXT> ...
    "*#" ...
    "*#" ...
    "]]#" ...
    <STRING_LITERAL> ...
    <IF_DIRECTIVE> ...
    <INTEGER_LITERAL> ...
    <FLOATING_POINT_LITERAL> ...
    <WORD> ...
    <BRACKETED_WORD> ...
    <IDENTIFIER> ...
    <DOT> ...
    "{" ...
    "}" ...
    <EMPTY_INDEX> ...
    
	at org.apache.velocity.runtime.parser.Parser.generateParseException(Parser.java:3679)
	at org.apache.velocity.runtime.parser.Parser.jj_consume_token(Parser.java:3558)
	at org.apache.velocity.runtime.parser.Parser.process(Parser.java:319)
	at org.apache.velocity.runtime.parser.Parser.parse(Parser.java:117)
	at org.apache.velocity.runtime.RuntimeInstance.parse(RuntimeInstance.java:1226)
	at org.apache.velocity.runtime.RuntimeInstance.parse(RuntimeInstance.java:1181)
	at org.apache.velocity.Template.process(Template.java:134)
	at org.apache.velocity.runtime.resource.ResourceManagerImpl.loadResource(ResourceManagerImpl.java:437)
	at org.apache.velocity.runtime.resource.ResourceManagerImpl.getResource(ResourceManagerImpl.java:352)
	at org.apache.velocity.runtime.RuntimeInstance.getTemplate(RuntimeInstance.java:1533)
	at org.apache.velocity.runtime.RuntimeInstance.getTemplate(RuntimeInstance.java:1514)
	at org.apache.velocity.app.VelocityEngine.getTemplate(VelocityEngine.java:373)
	at sk.tuke.yin.syntaxer.backend.VelocityBackend.write(VelocityBackend.java:37)
	at sk.tuke.yin.syntaxer.HighlightingCompiler.processLanguage(HighlightingCompiler.java:48)
	at sk.tuke.yin.syntaxer.HighlightingCompiler.generateFiles(HighlightingCompiler.java:34)
	at yajco.annotation.processor.AnnotationProcessor.generateCompiler(AnnotationProcessor.java:745)
	at yajco.annotation.processor.AnnotationProcessor.process(AnnotationProcessor.java:251)
	at com.sun.tools.javac.processing.JavacProcessingEnvironment.callProcessor(JavacProcessingEnvironment.java:793)
	at com.sun.tools.javac.processing.JavacProcessingEnvironment.discoverAndRunProcs(JavacProcessingEnvironment.java:722)
	at com.sun.tools.javac.processing.JavacProcessingEnvironment.access$1700(JavacProcessingEnvironment.java:97)
	at com.sun.tools.javac.processing.JavacProcessingEnvironment$Round.run(JavacProcessingEnvironment.java:1029)
	at com.sun.tools.javac.processing.JavacProcessingEnvironment.doProcessing(JavacProcessingEnvironment.java:1163)
	at com.sun.tools.javac.main.JavaCompiler.processAnnotations(JavaCompiler.java:1108)
	at com.sun.tools.javac.main.JavaCompiler.compile(JavaCompiler.java:824)
	at com.sun.tools.javac.main.Main.compile(Main.java:439)
	at com.sun.tools.javac.main.Main.compile(Main.java:353)
	at com.sun.tools.javac.main.Main.compile(Main.java:342)
	at com.sun.tools.javac.main.Main.compile(Main.java:333)
	at com.sun.tools.javac.Main.compile(Main.java:94)
	at sun.reflect.NativeMethodAccessorImpl.invoke0(Native Method)
	at sun.reflect.NativeMethodAccessorImpl.invoke(NativeMethodAccessorImpl.java:57)
	at sun.reflect.DelegatingMethodAccessorImpl.invoke(DelegatingMethodAccessorImpl.java:43)
	at java.lang.reflect.Method.invoke(Method.java:606)
	at org.codehaus.plexus.compiler.javac.JavacCompiler.compileInProcess(JavacCompiler.java:420)
	at org.codehaus.plexus.compiler.javac.JavacCompiler.compile(JavacCompiler.java:141)
	at org.apache.maven.plugin.AbstractCompilerMojo.execute(AbstractCompilerMojo.java:493)
	at org.apache.maven.plugin.CompilerMojo.execute(CompilerMojo.java:114)
	at org.apache.maven.plugin.DefaultBuildPluginManager.executeMojo(DefaultBuildPluginManager.java:101)
	at org.apache.maven.lifecycle.internal.MojoExecutor.execute(MojoExecutor.java:209)
	at org.apache.maven.lifecycle.internal.MojoExecutor.execute(MojoExecutor.java:153)
	at org.apache.maven.lifecycle.internal.MojoExecutor.execute(MojoExecutor.java:145)
	at org.apache.maven.lifecycle.internal.LifecycleModuleBuilder.buildProject(LifecycleModuleBuilder.java:84)
	at org.apache.maven.lifecycle.internal.LifecycleModuleBuilder.buildProject(LifecycleModuleBuilder.java:59)
	at org.apache.maven.lifecycle.internal.LifecycleStarter.singleThreadedBuild(LifecycleStarter.java:183)
	at org.apache.maven.lifecycle.internal.LifecycleStarter.execute(LifecycleStarter.java:161)
	at org.apache.maven.DefaultMaven.doExecute(DefaultMaven.java:320)
	at org.apache.maven.DefaultMaven.execute(DefaultMaven.java:156)
	at org.apache.maven.cli.MavenCli.execute(MavenCli.java:537)
	at org.apache.maven.cli.MavenCli.doMain(MavenCli.java:196)
	at org.apache.maven.cli.MavenCli.main(MavenCli.java:141)
	at sun.reflect.NativeMethodAccessorImpl.invoke0(Native Method)
	at sun.reflect.NativeMethodAccessorImpl.invoke(NativeMethodAccessorImpl.java:57)
	at sun.reflect.DelegatingMethodAccessorImpl.invoke(DelegatingMethodAccessorImpl.java:43)
	at java.lang.reflect.Method.invoke(Method.java:606)
	at org.codehaus.plexus.classworlds.launcher.Launcher.launchEnhanced(Launcher.java:290)
	at org.codehaus.plexus.classworlds.launcher.Launcher.launch(Launcher.java:230)
	at org.codehaus.plexus.classworlds.launcher.Launcher.mainWithExitCode(Launcher.java:409)
	at org.codehaus.plexus.classworlds.launcher.Launcher.main(Launcher.java:352)
2015-08-29 17:44:31,752 - ResourceManager.getResource() parse exception
org.apache.velocity.exception.ParseErrorException: Encountered "#end\n" at kate.vm[line 51, column 7]
Was expecting one of:
    <EOF> 
    "(" ...
    <RPAREN> ...
    <ESCAPE_DIRECTIVE> ...
    <SET_DIRECTIVE> ...
    "##" ...
    "\\\\" ...
    "\\" ...
    <TEXT> ...
    "*#" ...
    "*#" ...
    "]]#" ...
    <STRING_LITERAL> ...
    <IF_DIRECTIVE> ...
    <INTEGER_LITERAL> ...
    <FLOATING_POINT_LITERAL> ...
    <WORD> ...
    <BRACKETED_WORD> ...
    <IDENTIFIER> ...
    <DOT> ...
    "{" ...
    "}" ...
    <EMPTY_INDEX> ...
    
	at org.apache.velocity.Template.process(Template.java:151)
	at org.apache.velocity.runtime.resource.ResourceManagerImpl.loadResource(ResourceManagerImpl.java:437)
	at org.apache.velocity.runtime.resource.ResourceManagerImpl.getResource(ResourceManagerImpl.java:352)
	at org.apache.velocity.runtime.RuntimeInstance.getTemplate(RuntimeInstance.java:1533)
	at org.apache.velocity.runtime.RuntimeInstance.getTemplate(RuntimeInstance.java:1514)
	at org.apache.velocity.app.VelocityEngine.getTemplate(VelocityEngine.java:373)
	at sk.tuke.yin.syntaxer.backend.VelocityBackend.write(VelocityBackend.java:37)
	at sk.tuke.yin.syntaxer.HighlightingCompiler.processLanguage(HighlightingCompiler.java:48)
	at sk.tuke.yin.syntaxer.HighlightingCompiler.generateFiles(HighlightingCompiler.java:34)
	at yajco.annotation.processor.AnnotationProcessor.generateCompiler(AnnotationProcessor.java:745)
	at yajco.annotation.processor.AnnotationProcessor.process(AnnotationProcessor.java:251)
	at com.sun.tools.javac.processing.JavacProcessingEnvironment.callProcessor(JavacProcessingEnvironment.java:793)
	at com.sun.tools.javac.processing.JavacProcessingEnvironment.discoverAndRunProcs(JavacProcessingEnvironment.java:722)
	at com.sun.tools.javac.processing.JavacProcessingEnvironment.access$1700(JavacProcessingEnvironment.java:97)
	at com.sun.tools.javac.processing.JavacProcessingEnvironment$Round.run(JavacProcessingEnvironment.java:1029)
	at com.sun.tools.javac.processing.JavacProcessingEnvironment.doProcessing(JavacProcessingEnvironment.java:1163)
	at com.sun.tools.javac.main.JavaCompiler.processAnnotations(JavaCompiler.java:1108)
	at com.sun.tools.javac.main.JavaCompiler.compile(JavaCompiler.java:824)
	at com.sun.tools.javac.main.Main.compile(Main.java:439)
	at com.sun.tools.javac.main.Main.compile(Main.java:353)
	at com.sun.tools.javac.main.Main.compile(Main.java:342)
	at com.sun.tools.javac.main.Main.compile(Main.java:333)
	at com.sun.tools.javac.Main.compile(Main.java:94)
	at sun.reflect.NativeMethodAccessorImpl.invoke0(Native Method)
	at sun.reflect.NativeMethodAccessorImpl.invoke(NativeMethodAccessorImpl.java:57)
	at sun.reflect.DelegatingMethodAccessorImpl.invoke(DelegatingMethodAccessorImpl.java:43)
	at java.lang.reflect.Method.invoke(Method.java:606)
	at org.codehaus.plexus.compiler.javac.JavacCompiler.compileInProcess(JavacCompiler.java:420)
	at org.codehaus.plexus.compiler.javac.JavacCompiler.compile(JavacCompiler.java:141)
	at org.apache.maven.plugin.AbstractCompilerMojo.execute(AbstractCompilerMojo.java:493)
	at org.apache.maven.plugin.CompilerMojo.execute(CompilerMojo.java:114)
	at org.apache.maven.plugin.DefaultBuildPluginManager.executeMojo(DefaultBuildPluginManager.java:101)
	at org.apache.maven.lifecycle.internal.MojoExecutor.execute(MojoExecutor.java:209)
	at org.apache.maven.lifecycle.internal.MojoExecutor.execute(MojoExecutor.java:153)
	at org.apache.maven.lifecycle.internal.MojoExecutor.execute(MojoExecutor.java:145)
	at org.apache.maven.lifecycle.internal.LifecycleModuleBuilder.buildProject(LifecycleModuleBuilder.java:84)
	at org.apache.maven.lifecycle.internal.LifecycleModuleBuilder.buildProject(LifecycleModuleBuilder.java:59)
	at org.apache.maven.lifecycle.internal.LifecycleStarter.singleThreadedBuild(LifecycleStarter.java:183)
	at org.apache.maven.lifecycle.internal.LifecycleStarter.execute(LifecycleStarter.java:161)
	at org.apache.maven.DefaultMaven.doExecute(DefaultMaven.java:320)
	at org.apache.maven.DefaultMaven.execute(DefaultMaven.java:156)
	at org.apache.maven.cli.MavenCli.execute(MavenCli.java:537)
	at org.apache.maven.cli.MavenCli.doMain(MavenCli.java:196)
	at org.apache.maven.cli.MavenCli.main(MavenCli.java:141)
	at sun.reflect.NativeMethodAccessorImpl.invoke0(Native Method)
	at sun.reflect.NativeMethodAccessorImpl.invoke(NativeMethodAccessorImpl.java:57)
	at sun.reflect.DelegatingMethodAccessorImpl.invoke(DelegatingMethodAccessorImpl.java:43)
	at java.lang.reflect.Method.invoke(Method.java:606)
	at org.codehaus.plexus.classworlds.launcher.Launcher.launchEnhanced(Launcher.java:290)
	at org.codehaus.plexus.classworlds.launcher.Launcher.launch(Launcher.java:230)
	at org.codehaus.plexus.classworlds.launcher.Launcher.mainWithExitCode(Launcher.java:409)
	at org.codehaus.plexus.classworlds.launcher.Launcher.main(Launcher.java:352)
2015-08-29 17:45:09,761 - Log4JLogChute initialized using file 'velocity.log'
2015-08-29 17:45:09,762 - The version of log4j being used does not support the "trace" level.
2015-08-29 17:45:09,762 - Initializing Velocity, Calling init()...
2015-08-29 17:45:09,762 - *******************************************************************
2015-08-29 17:45:09,762 - Starting Apache Velocity v1.7 (compiled: 2010-11-19 12:14:37)
2015-08-29 17:45:09,762 - RuntimeInstance initializing.
2015-08-29 17:45:09,762 - Default Properties File: org/apache/velocity/runtime/defaults/velocity.properties
2015-08-29 17:45:09,762 - Trying to use logger class org.apache.velocity.runtime.log.AvalonLogChute
2015-08-29 17:45:09,762 - Target log system for org.apache.velocity.runtime.log.AvalonLogChute is not available (java.lang.NoClassDefFoundError: org/apache/log/format/Formatter).  Falling back to next log system...
2015-08-29 17:45:09,762 - Trying to use logger class org.apache.velocity.runtime.log.Log4JLogChute
2015-08-29 17:45:09,762 - Using logger class org.apache.velocity.runtime.log.Log4JLogChute
2015-08-29 17:45:09,764 - Default ResourceManager initializing. (class org.apache.velocity.runtime.resource.ResourceManagerImpl)
2015-08-29 17:45:09,764 - ResourceLoader instantiated: org.apache.velocity.runtime.resource.loader.ClasspathResourceLoader
2015-08-29 17:45:09,765 - ClasspathResourceLoader : initialization complete.
2015-08-29 17:45:09,775 - ResourceCache: initialized (class org.apache.velocity.runtime.resource.ResourceCacheImpl) with class java.util.Collections$SynchronizedMap cache map.
2015-08-29 17:45:09,775 - Default ResourceManager initialization complete.
2015-08-29 17:45:09,777 - Loaded System Directive: org.apache.velocity.runtime.directive.Stop
2015-08-29 17:45:09,778 - Loaded System Directive: org.apache.velocity.runtime.directive.Define
2015-08-29 17:45:09,778 - Loaded System Directive: org.apache.velocity.runtime.directive.Break
2015-08-29 17:45:09,779 - Loaded System Directive: org.apache.velocity.runtime.directive.Evaluate
2015-08-29 17:45:09,780 - Loaded System Directive: org.apache.velocity.runtime.directive.Literal
2015-08-29 17:45:09,781 - Loaded System Directive: org.apache.velocity.runtime.directive.Macro
2015-08-29 17:45:09,782 - Loaded System Directive: org.apache.velocity.runtime.directive.Parse
2015-08-29 17:45:09,783 - Loaded System Directive: org.apache.velocity.runtime.directive.Include
2015-08-29 17:45:09,784 - Loaded System Directive: org.apache.velocity.runtime.directive.Foreach
2015-08-29 17:45:09,804 - Created '20' parsers.
2015-08-29 17:45:09,810 - Velocimacro : initialization starting.
2015-08-29 17:45:09,810 - Velocimacro : "velocimacro.library" is not set.  Trying default library: VM_global_library.vm
2015-08-29 17:45:09,810 - Could not load resource 'VM_global_library.vm' from ResourceLoader org.apache.velocity.runtime.resource.loader.ClasspathResourceLoader: ClasspathResourceLoader Error: cannot find resource VM_global_library.vm
2015-08-29 17:45:09,810 - Velocimacro : Default library not found.
2015-08-29 17:45:09,810 - Velocimacro : allowInline = true : VMs can be defined inline in templates
2015-08-29 17:45:09,810 - Velocimacro : allowInlineToOverride = false : VMs defined inline may NOT replace previous VM definitions
2015-08-29 17:45:09,810 - Velocimacro : allowInlineLocal = false : VMs defined inline will be global in scope if allowed.
2015-08-29 17:45:09,811 - Velocimacro : autoload off : VM system will not automatically reload global library macros
2015-08-29 17:45:09,811 - Velocimacro : Velocimacro : initialization complete.
2015-08-29 17:45:09,811 - RuntimeInstance successfully initialized.
2015-08-29 17:45:09,831 - ResourceManager : found kate.vm with loader org.apache.velocity.runtime.resource.loader.ClasspathResourceLoader
2015-08-29 17:52:14,234 - Log4JLogChute initialized using file 'velocity.log'
2015-08-29 17:52:14,236 - The version of log4j being used does not support the "trace" level.
2015-08-29 17:52:14,236 - Initializing Velocity, Calling init()...
2015-08-29 17:52:14,236 - *******************************************************************
2015-08-29 17:52:14,236 - Starting Apache Velocity v1.7 (compiled: 2010-11-19 12:14:37)
2015-08-29 17:52:14,236 - RuntimeInstance initializing.
2015-08-29 17:52:14,236 - Default Properties File: org/apache/velocity/runtime/defaults/velocity.properties
2015-08-29 17:52:14,236 - Trying to use logger class org.apache.velocity.runtime.log.AvalonLogChute
2015-08-29 17:52:14,236 - Target log system for org.apache.velocity.runtime.log.AvalonLogChute is not available (java.lang.NoClassDefFoundError: org/apache/log/format/Formatter).  Falling back to next log system...
2015-08-29 17:52:14,236 - Trying to use logger class org.apache.velocity.runtime.log.Log4JLogChute
2015-08-29 17:52:14,236 - Using logger class org.apache.velocity.runtime.log.Log4JLogChute
2015-08-29 17:52:14,237 - Default ResourceManager initializing. (class org.apache.velocity.runtime.resource.ResourceManagerImpl)
2015-08-29 17:52:14,238 - ResourceLoader instantiated: org.apache.velocity.runtime.resource.loader.ClasspathResourceLoader
2015-08-29 17:52:14,239 - ClasspathResourceLoader : initialization complete.
2015-08-29 17:52:14,248 - ResourceCache: initialized (class org.apache.velocity.runtime.resource.ResourceCacheImpl) with class java.util.Collections$SynchronizedMap cache map.
2015-08-29 17:52:14,248 - Default ResourceManager initialization complete.
2015-08-29 17:52:14,249 - Loaded System Directive: org.apache.velocity.runtime.directive.Stop
2015-08-29 17:52:14,250 - Loaded System Directive: org.apache.velocity.runtime.directive.Define
2015-08-29 17:52:14,251 - Loaded System Directive: org.apache.velocity.runtime.directive.Break
2015-08-29 17:52:14,251 - Loaded System Directive: org.apache.velocity.runtime.directive.Evaluate
2015-08-29 17:52:14,252 - Loaded System Directive: org.apache.velocity.runtime.directive.Literal
2015-08-29 17:52:14,253 - Loaded System Directive: org.apache.velocity.runtime.directive.Macro
2015-08-29 17:52:14,254 - Loaded System Directive: org.apache.velocity.runtime.directive.Parse
2015-08-29 17:52:14,255 - Loaded System Directive: org.apache.velocity.runtime.directive.Include
2015-08-29 17:52:14,256 - Loaded System Directive: org.apache.velocity.runtime.directive.Foreach
2015-08-29 17:52:14,278 - Created '20' parsers.
2015-08-29 17:52:14,282 - Velocimacro : initialization starting.
2015-08-29 17:52:14,283 - Velocimacro : "velocimacro.library" is not set.  Trying default library: VM_global_library.vm
2015-08-29 17:52:14,283 - Could not load resource 'VM_global_library.vm' from ResourceLoader org.apache.velocity.runtime.resource.loader.ClasspathResourceLoader: ClasspathResourceLoader Error: cannot find resource VM_global_library.vm
2015-08-29 17:52:14,283 - Velocimacro : Default library not found.
2015-08-29 17:52:14,283 - Velocimacro : allowInline = true : VMs can be defined inline in templates
2015-08-29 17:52:14,283 - Velocimacro : allowInlineToOverride = false : VMs defined inline may NOT replace previous VM definitions
2015-08-29 17:52:14,283 - Velocimacro : allowInlineLocal = false : VMs defined inline will be global in scope if allowed.
2015-08-29 17:52:14,283 - Velocimacro : autoload off : VM system will not automatically reload global library macros
2015-08-29 17:52:14,283 - Velocimacro : Velocimacro : initialization complete.
2015-08-29 17:52:14,283 - RuntimeInstance successfully initialized.
2015-08-29 17:52:14,305 - ResourceManager : found kate.vm with loader org.apache.velocity.runtime.resource.loader.ClasspathResourceLoader
2015-08-29 17:53:26,029 - Log4JLogChute initialized using file 'velocity.log'
2015-08-29 17:53:26,030 - The version of log4j being used does not support the "trace" level.
2015-08-29 17:53:26,030 - Initializing Velocity, Calling init()...
2015-08-29 17:53:26,030 - *******************************************************************
2015-08-29 17:53:26,030 - Starting Apache Velocity v1.7 (compiled: 2010-11-19 12:14:37)
2015-08-29 17:53:26,030 - RuntimeInstance initializing.
2015-08-29 17:53:26,030 - Default Properties File: org/apache/velocity/runtime/defaults/velocity.properties
2015-08-29 17:53:26,030 - Trying to use logger class org.apache.velocity.runtime.log.AvalonLogChute
2015-08-29 17:53:26,030 - Target log system for org.apache.velocity.runtime.log.AvalonLogChute is not available (java.lang.NoClassDefFoundError: org/apache/log/format/Formatter).  Falling back to next log system...
2015-08-29 17:53:26,030 - Trying to use logger class org.apache.velocity.runtime.log.Log4JLogChute
2015-08-29 17:53:26,030 - Using logger class org.apache.velocity.runtime.log.Log4JLogChute
2015-08-29 17:53:26,032 - Default ResourceManager initializing. (class org.apache.velocity.runtime.resource.ResourceManagerImpl)
2015-08-29 17:53:26,033 - ResourceLoader instantiated: org.apache.velocity.runtime.resource.loader.ClasspathResourceLoader
2015-08-29 17:53:26,034 - ClasspathResourceLoader : initialization complete.
2015-08-29 17:53:26,043 - ResourceCache: initialized (class org.apache.velocity.runtime.resource.ResourceCacheImpl) with class java.util.Collections$SynchronizedMap cache map.
2015-08-29 17:53:26,043 - Default ResourceManager initialization complete.
2015-08-29 17:53:26,044 - Loaded System Directive: org.apache.velocity.runtime.directive.Stop
2015-08-29 17:53:26,045 - Loaded System Directive: org.apache.velocity.runtime.directive.Define
2015-08-29 17:53:26,046 - Loaded System Directive: org.apache.velocity.runtime.directive.Break
2015-08-29 17:53:26,047 - Loaded System Directive: org.apache.velocity.runtime.directive.Evaluate
2015-08-29 17:53:26,047 - Loaded System Directive: org.apache.velocity.runtime.directive.Literal
2015-08-29 17:53:26,048 - Loaded System Directive: org.apache.velocity.runtime.directive.Macro
2015-08-29 17:53:26,049 - Loaded System Directive: org.apache.velocity.runtime.directive.Parse
2015-08-29 17:53:26,050 - Loaded System Directive: org.apache.velocity.runtime.directive.Include
2015-08-29 17:53:26,051 - Loaded System Directive: org.apache.velocity.runtime.directive.Foreach
2015-08-29 17:53:26,073 - Created '20' parsers.
2015-08-29 17:53:26,077 - Velocimacro : initialization starting.
2015-08-29 17:53:26,077 - Velocimacro : "velocimacro.library" is not set.  Trying default library: VM_global_library.vm
2015-08-29 17:53:26,078 - Could not load resource 'VM_global_library.vm' from ResourceLoader org.apache.velocity.runtime.resource.loader.ClasspathResourceLoader: ClasspathResourceLoader Error: cannot find resource VM_global_library.vm
2015-08-29 17:53:26,078 - Velocimacro : Default library not found.
2015-08-29 17:53:26,078 - Velocimacro : allowInline = true : VMs can be defined inline in templates
2015-08-29 17:53:26,078 - Velocimacro : allowInlineToOverride = false : VMs defined inline may NOT replace previous VM definitions
2015-08-29 17:53:26,078 - Velocimacro : allowInlineLocal = false : VMs defined inline will be global in scope if allowed.
2015-08-29 17:53:26,078 - Velocimacro : autoload off : VM system will not automatically reload global library macros
2015-08-29 17:53:26,078 - Velocimacro : Velocimacro : initialization complete.
2015-08-29 17:53:26,078 - RuntimeInstance successfully initialized.
2015-08-29 17:53:26,100 - ResourceManager : found kate.vm with loader org.apache.velocity.runtime.resource.loader.ClasspathResourceLoader
2015-08-29 18:24:50,467 - Log4JLogChute initialized using file 'velocity.log'
2015-08-29 18:24:50,468 - The version of log4j being used does not support the "trace" level.
2015-08-29 18:24:50,468 - Initializing Velocity, Calling init()...
2015-08-29 18:24:50,468 - *******************************************************************
2015-08-29 18:24:50,468 - Starting Apache Velocity v1.7 (compiled: 2010-11-19 12:14:37)
2015-08-29 18:24:50,468 - RuntimeInstance initializing.
2015-08-29 18:24:50,468 - Default Properties File: org/apache/velocity/runtime/defaults/velocity.properties
2015-08-29 18:24:50,468 - Trying to use logger class org.apache.velocity.runtime.log.AvalonLogChute
2015-08-29 18:24:50,468 - Target log system for org.apache.velocity.runtime.log.AvalonLogChute is not available (java.lang.NoClassDefFoundError: org/apache/log/format/Formatter).  Falling back to next log system...
2015-08-29 18:24:50,468 - Trying to use logger class org.apache.velocity.runtime.log.Log4JLogChute
2015-08-29 18:24:50,468 - Using logger class org.apache.velocity.runtime.log.Log4JLogChute
2015-08-29 18:24:50,470 - Default ResourceManager initializing. (class org.apache.velocity.runtime.resource.ResourceManagerImpl)
2015-08-29 18:24:50,472 - ResourceLoader instantiated: org.apache.velocity.runtime.resource.loader.ClasspathResourceLoader
2015-08-29 18:24:50,473 - ClasspathResourceLoader : initialization complete.
2015-08-29 18:24:50,486 - ResourceCache: initialized (class org.apache.velocity.runtime.resource.ResourceCacheImpl) with class java.util.Collections$SynchronizedMap cache map.
2015-08-29 18:24:50,486 - Default ResourceManager initialization complete.
2015-08-29 18:24:50,487 - Loaded System Directive: org.apache.velocity.runtime.directive.Stop
2015-08-29 18:24:50,488 - Loaded System Directive: org.apache.velocity.runtime.directive.Define
2015-08-29 18:24:50,488 - Loaded System Directive: org.apache.velocity.runtime.directive.Break
2015-08-29 18:24:50,489 - Loaded System Directive: org.apache.velocity.runtime.directive.Evaluate
2015-08-29 18:24:50,490 - Loaded System Directive: org.apache.velocity.runtime.directive.Literal
2015-08-29 18:24:50,491 - Loaded System Directive: org.apache.velocity.runtime.directive.Macro
2015-08-29 18:24:50,492 - Loaded System Directive: org.apache.velocity.runtime.directive.Parse
2015-08-29 18:24:50,493 - Loaded System Directive: org.apache.velocity.runtime.directive.Include
2015-08-29 18:24:50,494 - Loaded System Directive: org.apache.velocity.runtime.directive.Foreach
2015-08-29 18:24:50,516 - Created '20' parsers.
2015-08-29 18:24:50,521 - Velocimacro : initialization starting.
2015-08-29 18:24:50,521 - Velocimacro : "velocimacro.library" is not set.  Trying default library: VM_global_library.vm
2015-08-29 18:24:50,521 - Could not load resource 'VM_global_library.vm' from ResourceLoader org.apache.velocity.runtime.resource.loader.ClasspathResourceLoader: ClasspathResourceLoader Error: cannot find resource VM_global_library.vm
2015-08-29 18:24:50,521 - Velocimacro : Default library not found.
2015-08-29 18:24:50,521 - Velocimacro : allowInline = true : VMs can be defined inline in templates
2015-08-29 18:24:50,521 - Velocimacro : allowInlineToOverride = false : VMs defined inline may NOT replace previous VM definitions
2015-08-29 18:24:50,521 - Velocimacro : allowInlineLocal = false : VMs defined inline will be global in scope if allowed.
2015-08-29 18:24:50,521 - Velocimacro : autoload off : VM system will not automatically reload global library macros
2015-08-29 18:24:50,521 - Velocimacro : Velocimacro : initialization complete.
2015-08-29 18:24:50,521 - RuntimeInstance successfully initialized.
2015-08-29 18:24:50,544 - ResourceManager : found kate.vm with loader org.apache.velocity.runtime.resource.loader.ClasspathResourceLoader
2015-08-29 18:26:02,686 - Log4JLogChute initialized using file 'velocity.log'
2015-08-29 18:26:02,687 - The version of log4j being used does not support the "trace" level.
2015-08-29 18:26:02,687 - Initializing Velocity, Calling init()...
2015-08-29 18:26:02,687 - *******************************************************************
2015-08-29 18:26:02,687 - Starting Apache Velocity v1.7 (compiled: 2010-11-19 12:14:37)
2015-08-29 18:26:02,687 - RuntimeInstance initializing.
2015-08-29 18:26:02,687 - Default Properties File: org/apache/velocity/runtime/defaults/velocity.properties
2015-08-29 18:26:02,687 - Trying to use logger class org.apache.velocity.runtime.log.AvalonLogChute
2015-08-29 18:26:02,687 - Target log system for org.apache.velocity.runtime.log.AvalonLogChute is not available (java.lang.NoClassDefFoundError: org/apache/log/format/Formatter).  Falling back to next log system...
2015-08-29 18:26:02,687 - Trying to use logger class org.apache.velocity.runtime.log.Log4JLogChute
2015-08-29 18:26:02,687 - Using logger class org.apache.velocity.runtime.log.Log4JLogChute
2015-08-29 18:26:02,688 - Default ResourceManager initializing. (class org.apache.velocity.runtime.resource.ResourceManagerImpl)
2015-08-29 18:26:02,690 - ResourceLoader instantiated: org.apache.velocity.runtime.resource.loader.ClasspathResourceLoader
2015-08-29 18:26:02,691 - ClasspathResourceLoader : initialization complete.
2015-08-29 18:26:02,705 - ResourceCache: initialized (class org.apache.velocity.runtime.resource.ResourceCacheImpl) with class java.util.Collections$SynchronizedMap cache map.
2015-08-29 18:26:02,705 - Default ResourceManager initialization complete.
2015-08-29 18:26:02,706 - Loaded System Directive: org.apache.velocity.runtime.directive.Stop
2015-08-29 18:26:02,707 - Loaded System Directive: org.apache.velocity.runtime.directive.Define
2015-08-29 18:26:02,708 - Loaded System Directive: org.apache.velocity.runtime.directive.Break
2015-08-29 18:26:02,708 - Loaded System Directive: org.apache.velocity.runtime.directive.Evaluate
2015-08-29 18:26:02,709 - Loaded System Directive: org.apache.velocity.runtime.directive.Literal
2015-08-29 18:26:02,710 - Loaded System Directive: org.apache.velocity.runtime.directive.Macro
2015-08-29 18:26:02,711 - Loaded System Directive: org.apache.velocity.runtime.directive.Parse
2015-08-29 18:26:02,712 - Loaded System Directive: org.apache.velocity.runtime.directive.Include
2015-08-29 18:26:02,713 - Loaded System Directive: org.apache.velocity.runtime.directive.Foreach
2015-08-29 18:26:02,735 - Created '20' parsers.
2015-08-29 18:26:02,740 - Velocimacro : initialization starting.
2015-08-29 18:26:02,740 - Velocimacro : "velocimacro.library" is not set.  Trying default library: VM_global_library.vm
2015-08-29 18:26:02,740 - Could not load resource 'VM_global_library.vm' from ResourceLoader org.apache.velocity.runtime.resource.loader.ClasspathResourceLoader: ClasspathResourceLoader Error: cannot find resource VM_global_library.vm
2015-08-29 18:26:02,740 - Velocimacro : Default library not found.
2015-08-29 18:26:02,740 - Velocimacro : allowInline = true : VMs can be defined inline in templates
2015-08-29 18:26:02,740 - Velocimacro : allowInlineToOverride = false : VMs defined inline may NOT replace previous VM definitions
2015-08-29 18:26:02,740 - Velocimacro : allowInlineLocal = false : VMs defined inline will be global in scope if allowed.
2015-08-29 18:26:02,740 - Velocimacro : autoload off : VM system will not automatically reload global library macros
2015-08-29 18:26:02,740 - Velocimacro : Velocimacro : initialization complete.
2015-08-29 18:26:02,741 - RuntimeInstance successfully initialized.
2015-08-29 18:26:02,760 - ResourceManager : found gtksourceview.vm with loader org.apache.velocity.runtime.resource.loader.ClasspathResourceLoader
2015-08-29 18:26:02,762 - Null reference [template 'gtksourceview.vm', line 3, column 15] : $languageId cannot be resolved.
2015-08-29 18:26:02,774 - Null reference [template 'gtksourceview.vm', line 28, column 18] : $languageId cannot be resolved.
2015-08-29 18:26:33,737 - Log4JLogChute initialized using file 'velocity.log'
2015-08-29 18:26:33,737 - The version of log4j being used does not support the "trace" level.
2015-08-29 18:26:33,737 - Initializing Velocity, Calling init()...
2015-08-29 18:26:33,737 - *******************************************************************
2015-08-29 18:26:33,737 - Starting Apache Velocity v1.7 (compiled: 2010-11-19 12:14:37)
2015-08-29 18:26:33,737 - RuntimeInstance initializing.
2015-08-29 18:26:33,737 - Default Properties File: org/apache/velocity/runtime/defaults/velocity.properties
2015-08-29 18:26:33,737 - Trying to use logger class org.apache.velocity.runtime.log.AvalonLogChute
2015-08-29 18:26:33,737 - Target log system for org.apache.velocity.runtime.log.AvalonLogChute is not available (java.lang.NoClassDefFoundError: org/apache/log/format/Formatter).  Falling back to next log system...
2015-08-29 18:26:33,737 - Trying to use logger class org.apache.velocity.runtime.log.Log4JLogChute
2015-08-29 18:26:33,737 - Using logger class org.apache.velocity.runtime.log.Log4JLogChute
2015-08-29 18:26:33,739 - Default ResourceManager initializing. (class org.apache.velocity.runtime.resource.ResourceManagerImpl)
2015-08-29 18:26:33,740 - ResourceLoader instantiated: org.apache.velocity.runtime.resource.loader.ClasspathResourceLoader
2015-08-29 18:26:33,741 - ClasspathResourceLoader : initialization complete.
2015-08-29 18:26:33,754 - ResourceCache: initialized (class org.apache.velocity.runtime.resource.ResourceCacheImpl) with class java.util.Collections$SynchronizedMap cache map.
2015-08-29 18:26:33,754 - Default ResourceManager initialization complete.
2015-08-29 18:26:33,755 - Loaded System Directive: org.apache.velocity.runtime.directive.Stop
2015-08-29 18:26:33,756 - Loaded System Directive: org.apache.velocity.runtime.directive.Define
2015-08-29 18:26:33,756 - Loaded System Directive: org.apache.velocity.runtime.directive.Break
2015-08-29 18:26:33,757 - Loaded System Directive: org.apache.velocity.runtime.directive.Evaluate
2015-08-29 18:26:33,758 - Loaded System Directive: org.apache.velocity.runtime.directive.Literal
2015-08-29 18:26:33,759 - Loaded System Directive: org.apache.velocity.runtime.directive.Macro
2015-08-29 18:26:33,760 - Loaded System Directive: org.apache.velocity.runtime.directive.Parse
2015-08-29 18:26:33,761 - Loaded System Directive: org.apache.velocity.runtime.directive.Include
2015-08-29 18:26:33,762 - Loaded System Directive: org.apache.velocity.runtime.directive.Foreach
2015-08-29 18:26:33,784 - Created '20' parsers.
2015-08-29 18:26:33,788 - Velocimacro : initialization starting.
2015-08-29 18:26:33,788 - Velocimacro : "velocimacro.library" is not set.  Trying default library: VM_global_library.vm
2015-08-29 18:26:33,788 - Could not load resource 'VM_global_library.vm' from ResourceLoader org.apache.velocity.runtime.resource.loader.ClasspathResourceLoader: ClasspathResourceLoader Error: cannot find resource VM_global_library.vm
2015-08-29 18:26:33,788 - Velocimacro : Default library not found.
2015-08-29 18:26:33,788 - Velocimacro : allowInline = true : VMs can be defined inline in templates
2015-08-29 18:26:33,788 - Velocimacro : allowInlineToOverride = false : VMs defined inline may NOT replace previous VM definitions
2015-08-29 18:26:33,788 - Velocimacro : allowInlineLocal = false : VMs defined inline will be global in scope if allowed.
2015-08-29 18:26:33,788 - Velocimacro : autoload off : VM system will not automatically reload global library macros
2015-08-29 18:26:33,788 - Velocimacro : Velocimacro : initialization complete.
2015-08-29 18:26:33,789 - RuntimeInstance successfully initialized.
2015-08-29 18:26:33,809 - ResourceManager : found gtksourceview.vm with loader org.apache.velocity.runtime.resource.loader.ClasspathResourceLoader
2015-08-29 18:31:38,947 - Log4JLogChute initialized using file 'velocity.log'
2015-08-29 18:31:38,948 - The version of log4j being used does not support the "trace" level.
2015-08-29 18:31:38,948 - Initializing Velocity, Calling init()...
2015-08-29 18:31:38,948 - *******************************************************************
2015-08-29 18:31:38,948 - Starting Apache Velocity v1.7 (compiled: 2010-11-19 12:14:37)
2015-08-29 18:31:38,948 - RuntimeInstance initializing.
2015-08-29 18:31:38,948 - Default Properties File: org/apache/velocity/runtime/defaults/velocity.properties
2015-08-29 18:31:38,948 - Trying to use logger class org.apache.velocity.runtime.log.AvalonLogChute
2015-08-29 18:31:38,948 - Target log system for org.apache.velocity.runtime.log.AvalonLogChute is not available (java.lang.NoClassDefFoundError: org/apache/log/format/Formatter).  Falling back to next log system...
2015-08-29 18:31:38,948 - Trying to use logger class org.apache.velocity.runtime.log.Log4JLogChute
2015-08-29 18:31:38,948 - Using logger class org.apache.velocity.runtime.log.Log4JLogChute
2015-08-29 18:31:38,950 - Default ResourceManager initializing. (class org.apache.velocity.runtime.resource.ResourceManagerImpl)
2015-08-29 18:31:38,951 - ResourceLoader instantiated: org.apache.velocity.runtime.resource.loader.ClasspathResourceLoader
2015-08-29 18:31:38,952 - ClasspathResourceLoader : initialization complete.
2015-08-29 18:31:38,961 - ResourceCache: initialized (class org.apache.velocity.runtime.resource.ResourceCacheImpl) with class java.util.Collections$SynchronizedMap cache map.
2015-08-29 18:31:38,961 - Default ResourceManager initialization complete.
2015-08-29 18:31:38,962 - Loaded System Directive: org.apache.velocity.runtime.directive.Stop
2015-08-29 18:31:38,964 - Loaded System Directive: org.apache.velocity.runtime.directive.Define
2015-08-29 18:31:38,964 - Loaded System Directive: org.apache.velocity.runtime.directive.Break
2015-08-29 18:31:38,965 - Loaded System Directive: org.apache.velocity.runtime.directive.Evaluate
2015-08-29 18:31:38,966 - Loaded System Directive: org.apache.velocity.runtime.directive.Literal
2015-08-29 18:31:38,967 - Loaded System Directive: org.apache.velocity.runtime.directive.Macro
2015-08-29 18:31:38,968 - Loaded System Directive: org.apache.velocity.runtime.directive.Parse
2015-08-29 18:31:38,969 - Loaded System Directive: org.apache.velocity.runtime.directive.Include
2015-08-29 18:31:38,970 - Loaded System Directive: org.apache.velocity.runtime.directive.Foreach
2015-08-29 18:31:38,991 - Created '20' parsers.
2015-08-29 18:31:38,996 - Velocimacro : initialization starting.
2015-08-29 18:31:38,996 - Velocimacro : "velocimacro.library" is not set.  Trying default library: VM_global_library.vm
2015-08-29 18:31:38,997 - Could not load resource 'VM_global_library.vm' from ResourceLoader org.apache.velocity.runtime.resource.loader.ClasspathResourceLoader: ClasspathResourceLoader Error: cannot find resource VM_global_library.vm
2015-08-29 18:31:38,997 - Velocimacro : Default library not found.
2015-08-29 18:31:38,997 - Velocimacro : allowInline = true : VMs can be defined inline in templates
2015-08-29 18:31:38,997 - Velocimacro : allowInlineToOverride = false : VMs defined inline may NOT replace previous VM definitions
2015-08-29 18:31:38,997 - Velocimacro : allowInlineLocal = false : VMs defined inline will be global in scope if allowed.
2015-08-29 18:31:38,997 - Velocimacro : autoload off : VM system will not automatically reload global library macros
2015-08-29 18:31:38,997 - Velocimacro : Velocimacro : initialization complete.
2015-08-29 18:31:38,997 - RuntimeInstance successfully initialized.
2015-08-29 18:31:39,017 - ResourceManager : found gtksourceview.vm with loader org.apache.velocity.runtime.resource.loader.ClasspathResourceLoader
2015-08-29 18:33:55,795 - Log4JLogChute initialized using file 'velocity.log'
2015-08-29 18:33:55,795 - The version of log4j being used does not support the "trace" level.
2015-08-29 18:33:55,795 - Initializing Velocity, Calling init()...
2015-08-29 18:33:55,795 - *******************************************************************
2015-08-29 18:33:55,795 - Starting Apache Velocity v1.7 (compiled: 2010-11-19 12:14:37)
2015-08-29 18:33:55,795 - RuntimeInstance initializing.
2015-08-29 18:33:55,795 - Default Properties File: org/apache/velocity/runtime/defaults/velocity.properties
2015-08-29 18:33:55,795 - Trying to use logger class org.apache.velocity.runtime.log.AvalonLogChute
2015-08-29 18:33:55,795 - Target log system for org.apache.velocity.runtime.log.AvalonLogChute is not available (java.lang.NoClassDefFoundError: org/apache/log/format/Formatter).  Falling back to next log system...
2015-08-29 18:33:55,795 - Trying to use logger class org.apache.velocity.runtime.log.Log4JLogChute
2015-08-29 18:33:55,795 - Using logger class org.apache.velocity.runtime.log.Log4JLogChute
2015-08-29 18:33:55,797 - Default ResourceManager initializing. (class org.apache.velocity.runtime.resource.ResourceManagerImpl)
2015-08-29 18:33:55,799 - ResourceLoader instantiated: org.apache.velocity.runtime.resource.loader.ClasspathResourceLoader
2015-08-29 18:33:55,800 - ClasspathResourceLoader : initialization complete.
2015-08-29 18:33:55,812 - ResourceCache: initialized (class org.apache.velocity.runtime.resource.ResourceCacheImpl) with class java.util.Collections$SynchronizedMap cache map.
2015-08-29 18:33:55,812 - Default ResourceManager initialization complete.
2015-08-29 18:33:55,813 - Loaded System Directive: org.apache.velocity.runtime.directive.Stop
2015-08-29 18:33:55,814 - Loaded System Directive: org.apache.velocity.runtime.directive.Define
2015-08-29 18:33:55,815 - Loaded System Directive: org.apache.velocity.runtime.directive.Break
2015-08-29 18:33:55,816 - Loaded System Directive: org.apache.velocity.runtime.directive.Evaluate
2015-08-29 18:33:55,816 - Loaded System Directive: org.apache.velocity.runtime.directive.Literal
2015-08-29 18:33:55,817 - Loaded System Directive: org.apache.velocity.runtime.directive.Macro
2015-08-29 18:33:55,818 - Loaded System Directive: org.apache.velocity.runtime.directive.Parse
2015-08-29 18:33:55,819 - Loaded System Directive: org.apache.velocity.runtime.directive.Include
2015-08-29 18:33:55,820 - Loaded System Directive: org.apache.velocity.runtime.directive.Foreach
2015-08-29 18:33:55,841 - Created '20' parsers.
2015-08-29 18:33:55,845 - Velocimacro : initialization starting.
2015-08-29 18:33:55,845 - Velocimacro : "velocimacro.library" is not set.  Trying default library: VM_global_library.vm
2015-08-29 18:33:55,846 - Could not load resource 'VM_global_library.vm' from ResourceLoader org.apache.velocity.runtime.resource.loader.ClasspathResourceLoader: ClasspathResourceLoader Error: cannot find resource VM_global_library.vm
2015-08-29 18:33:55,846 - Velocimacro : Default library not found.
2015-08-29 18:33:55,846 - Velocimacro : allowInline = true : VMs can be defined inline in templates
2015-08-29 18:33:55,846 - Velocimacro : allowInlineToOverride = false : VMs defined inline may NOT replace previous VM definitions
2015-08-29 18:33:55,846 - Velocimacro : allowInlineLocal = false : VMs defined inline will be global in scope if allowed.
2015-08-29 18:33:55,846 - Velocimacro : autoload off : VM system will not automatically reload global library macros
2015-08-29 18:33:55,846 - Velocimacro : Velocimacro : initialization complete.
2015-08-29 18:33:55,846 - RuntimeInstance successfully initialized.
2015-08-29 18:33:55,866 - ResourceManager : found gtksourceview.vm with loader org.apache.velocity.runtime.resource.loader.ClasspathResourceLoader
2015-08-29 18:34:21,931 - Log4JLogChute initialized using file 'velocity.log'
2015-08-29 18:34:21,931 - The version of log4j being used does not support the "trace" level.
2015-08-29 18:34:21,931 - Initializing Velocity, Calling init()...
2015-08-29 18:34:21,931 - *******************************************************************
2015-08-29 18:34:21,931 - Starting Apache Velocity v1.7 (compiled: 2010-11-19 12:14:37)
2015-08-29 18:34:21,931 - RuntimeInstance initializing.
2015-08-29 18:34:21,931 - Default Properties File: org/apache/velocity/runtime/defaults/velocity.properties
2015-08-29 18:34:21,931 - Trying to use logger class org.apache.velocity.runtime.log.AvalonLogChute
2015-08-29 18:34:21,931 - Target log system for org.apache.velocity.runtime.log.AvalonLogChute is not available (java.lang.NoClassDefFoundError: org/apache/log/format/Formatter).  Falling back to next log system...
2015-08-29 18:34:21,931 - Trying to use logger class org.apache.velocity.runtime.log.Log4JLogChute
2015-08-29 18:34:21,931 - Using logger class org.apache.velocity.runtime.log.Log4JLogChute
2015-08-29 18:34:21,933 - Default ResourceManager initializing. (class org.apache.velocity.runtime.resource.ResourceManagerImpl)
2015-08-29 18:34:21,934 - ResourceLoader instantiated: org.apache.velocity.runtime.resource.loader.ClasspathResourceLoader
2015-08-29 18:34:21,935 - ClasspathResourceLoader : initialization complete.
2015-08-29 18:34:21,948 - ResourceCache: initialized (class org.apache.velocity.runtime.resource.ResourceCacheImpl) with class java.util.Collections$SynchronizedMap cache map.
2015-08-29 18:34:21,948 - Default ResourceManager initialization complete.
2015-08-29 18:34:21,949 - Loaded System Directive: org.apache.velocity.runtime.directive.Stop
2015-08-29 18:34:21,950 - Loaded System Directive: org.apache.velocity.runtime.directive.Define
2015-08-29 18:34:21,951 - Loaded System Directive: org.apache.velocity.runtime.directive.Break
2015-08-29 18:34:21,952 - Loaded System Directive: org.apache.velocity.runtime.directive.Evaluate
2015-08-29 18:34:21,952 - Loaded System Directive: org.apache.velocity.runtime.directive.Literal
2015-08-29 18:34:21,953 - Loaded System Directive: org.apache.velocity.runtime.directive.Macro
2015-08-29 18:34:21,954 - Loaded System Directive: org.apache.velocity.runtime.directive.Parse
2015-08-29 18:34:21,955 - Loaded System Directive: org.apache.velocity.runtime.directive.Include
2015-08-29 18:34:21,956 - Loaded System Directive: org.apache.velocity.runtime.directive.Foreach
2015-08-29 18:34:21,978 - Created '20' parsers.
2015-08-29 18:34:21,983 - Velocimacro : initialization starting.
2015-08-29 18:34:21,983 - Velocimacro : "velocimacro.library" is not set.  Trying default library: VM_global_library.vm
2015-08-29 18:34:21,984 - Could not load resource 'VM_global_library.vm' from ResourceLoader org.apache.velocity.runtime.resource.loader.ClasspathResourceLoader: ClasspathResourceLoader Error: cannot find resource VM_global_library.vm
2015-08-29 18:34:21,984 - Velocimacro : Default library not found.
2015-08-29 18:34:21,984 - Velocimacro : allowInline = true : VMs can be defined inline in templates
2015-08-29 18:34:21,984 - Velocimacro : allowInlineToOverride = false : VMs defined inline may NOT replace previous VM definitions
2015-08-29 18:34:21,984 - Velocimacro : allowInlineLocal = false : VMs defined inline will be global in scope if allowed.
2015-08-29 18:34:21,984 - Velocimacro : autoload off : VM system will not automatically reload global library macros
2015-08-29 18:34:21,984 - Velocimacro : Velocimacro : initialization complete.
2015-08-29 18:34:21,984 - RuntimeInstance successfully initialized.
2015-08-29 18:34:22,005 - ResourceManager : found gtksourceview.vm with loader org.apache.velocity.runtime.resource.loader.ClasspathResourceLoader
2015-08-29 18:35:45,276 - Log4JLogChute initialized using file 'velocity.log'
2015-08-29 18:35:45,277 - The version of log4j being used does not support the "trace" level.
2015-08-29 18:35:45,277 - Initializing Velocity, Calling init()...
2015-08-29 18:35:45,277 - *******************************************************************
2015-08-29 18:35:45,277 - Starting Apache Velocity v1.7 (compiled: 2010-11-19 12:14:37)
2015-08-29 18:35:45,277 - RuntimeInstance initializing.
2015-08-29 18:35:45,277 - Default Properties File: org/apache/velocity/runtime/defaults/velocity.properties
2015-08-29 18:35:45,277 - Trying to use logger class org.apache.velocity.runtime.log.AvalonLogChute
2015-08-29 18:35:45,277 - Target log system for org.apache.velocity.runtime.log.AvalonLogChute is not available (java.lang.NoClassDefFoundError: org/apache/log/format/Formatter).  Falling back to next log system...
2015-08-29 18:35:45,277 - Trying to use logger class org.apache.velocity.runtime.log.Log4JLogChute
2015-08-29 18:35:45,277 - Using logger class org.apache.velocity.runtime.log.Log4JLogChute
2015-08-29 18:35:45,278 - Default ResourceManager initializing. (class org.apache.velocity.runtime.resource.ResourceManagerImpl)
2015-08-29 18:35:45,280 - ResourceLoader instantiated: org.apache.velocity.runtime.resource.loader.ClasspathResourceLoader
2015-08-29 18:35:45,281 - ClasspathResourceLoader : initialization complete.
2015-08-29 18:35:45,294 - ResourceCache: initialized (class org.apache.velocity.runtime.resource.ResourceCacheImpl) with class java.util.Collections$SynchronizedMap cache map.
2015-08-29 18:35:45,294 - Default ResourceManager initialization complete.
2015-08-29 18:35:45,295 - Loaded System Directive: org.apache.velocity.runtime.directive.Stop
2015-08-29 18:35:45,296 - Loaded System Directive: org.apache.velocity.runtime.directive.Define
2015-08-29 18:35:45,297 - Loaded System Directive: org.apache.velocity.runtime.directive.Break
2015-08-29 18:35:45,298 - Loaded System Directive: org.apache.velocity.runtime.directive.Evaluate
2015-08-29 18:35:45,298 - Loaded System Directive: org.apache.velocity.runtime.directive.Literal
2015-08-29 18:35:45,299 - Loaded System Directive: org.apache.velocity.runtime.directive.Macro
2015-08-29 18:35:45,300 - Loaded System Directive: org.apache.velocity.runtime.directive.Parse
2015-08-29 18:35:45,301 - Loaded System Directive: org.apache.velocity.runtime.directive.Include
2015-08-29 18:35:45,302 - Loaded System Directive: org.apache.velocity.runtime.directive.Foreach
2015-08-29 18:35:45,323 - Created '20' parsers.
2015-08-29 18:35:45,328 - Velocimacro : initialization starting.
2015-08-29 18:35:45,328 - Velocimacro : "velocimacro.library" is not set.  Trying default library: VM_global_library.vm
2015-08-29 18:35:45,329 - Could not load resource 'VM_global_library.vm' from ResourceLoader org.apache.velocity.runtime.resource.loader.ClasspathResourceLoader: ClasspathResourceLoader Error: cannot find resource VM_global_library.vm
2015-08-29 18:35:45,329 - Velocimacro : Default library not found.
2015-08-29 18:35:45,329 - Velocimacro : allowInline = true : VMs can be defined inline in templates
2015-08-29 18:35:45,329 - Velocimacro : allowInlineToOverride = false : VMs defined inline may NOT replace previous VM definitions
2015-08-29 18:35:45,329 - Velocimacro : allowInlineLocal = false : VMs defined inline will be global in scope if allowed.
2015-08-29 18:35:45,329 - Velocimacro : autoload off : VM system will not automatically reload global library macros
2015-08-29 18:35:45,329 - Velocimacro : Velocimacro : initialization complete.
2015-08-29 18:35:45,329 - RuntimeInstance successfully initialized.
2015-08-29 18:35:45,348 - ResourceManager : found gtksourceview.vm with loader org.apache.velocity.runtime.resource.loader.ClasspathResourceLoader
2015-08-29 18:43:42,685 - Log4JLogChute initialized using file 'velocity.log'
2015-08-29 18:43:42,686 - The version of log4j being used does not support the "trace" level.
2015-08-29 18:43:42,686 - Initializing Velocity, Calling init()...
2015-08-29 18:43:42,686 - *******************************************************************
2015-08-29 18:43:42,686 - Starting Apache Velocity v1.7 (compiled: 2010-11-19 12:14:37)
2015-08-29 18:43:42,686 - RuntimeInstance initializing.
2015-08-29 18:43:42,686 - Default Properties File: org/apache/velocity/runtime/defaults/velocity.properties
2015-08-29 18:43:42,687 - Trying to use logger class org.apache.velocity.runtime.log.AvalonLogChute
2015-08-29 18:43:42,687 - Target log system for org.apache.velocity.runtime.log.AvalonLogChute is not available (java.lang.NoClassDefFoundError: org/apache/log/format/Formatter).  Falling back to next log system...
2015-08-29 18:43:42,687 - Trying to use logger class org.apache.velocity.runtime.log.Log4JLogChute
2015-08-29 18:43:42,687 - Using logger class org.apache.velocity.runtime.log.Log4JLogChute
2015-08-29 18:43:42,689 - Default ResourceManager initializing. (class org.apache.velocity.runtime.resource.ResourceManagerImpl)
2015-08-29 18:43:42,692 - ResourceLoader instantiated: org.apache.velocity.runtime.resource.loader.ClasspathResourceLoader
2015-08-29 18:43:42,693 - ClasspathResourceLoader : initialization complete.
2015-08-29 18:43:42,708 - ResourceCache: initialized (class org.apache.velocity.runtime.resource.ResourceCacheImpl) with class java.util.Collections$SynchronizedMap cache map.
2015-08-29 18:43:42,708 - Default ResourceManager initialization complete.
2015-08-29 18:43:42,709 - Loaded System Directive: org.apache.velocity.runtime.directive.Stop
2015-08-29 18:43:42,710 - Loaded System Directive: org.apache.velocity.runtime.directive.Define
2015-08-29 18:43:42,711 - Loaded System Directive: org.apache.velocity.runtime.directive.Break
2015-08-29 18:43:42,712 - Loaded System Directive: org.apache.velocity.runtime.directive.Evaluate
2015-08-29 18:43:42,712 - Loaded System Directive: org.apache.velocity.runtime.directive.Literal
2015-08-29 18:43:42,713 - Loaded System Directive: org.apache.velocity.runtime.directive.Macro
2015-08-29 18:43:42,714 - Loaded System Directive: org.apache.velocity.runtime.directive.Parse
2015-08-29 18:43:42,715 - Loaded System Directive: org.apache.velocity.runtime.directive.Include
2015-08-29 18:43:42,716 - Loaded System Directive: org.apache.velocity.runtime.directive.Foreach
2015-08-29 18:43:42,738 - Created '20' parsers.
2015-08-29 18:43:42,742 - Velocimacro : initialization starting.
2015-08-29 18:43:42,742 - Velocimacro : "velocimacro.library" is not set.  Trying default library: VM_global_library.vm
2015-08-29 18:43:42,743 - Could not load resource 'VM_global_library.vm' from ResourceLoader org.apache.velocity.runtime.resource.loader.ClasspathResourceLoader: ClasspathResourceLoader Error: cannot find resource VM_global_library.vm
2015-08-29 18:43:42,743 - Velocimacro : Default library not found.
2015-08-29 18:43:42,743 - Velocimacro : allowInline = true : VMs can be defined inline in templates
2015-08-29 18:43:42,743 - Velocimacro : allowInlineToOverride = false : VMs defined inline may NOT replace previous VM definitions
2015-08-29 18:43:42,743 - Velocimacro : allowInlineLocal = false : VMs defined inline will be global in scope if allowed.
2015-08-29 18:43:42,743 - Velocimacro : autoload off : VM system will not automatically reload global library macros
2015-08-29 18:43:42,743 - Velocimacro : Velocimacro : initialization complete.
2015-08-29 18:43:42,743 - RuntimeInstance successfully initialized.
2015-08-29 18:43:42,764 - ResourceManager : found gtksourceview.vm with loader org.apache.velocity.runtime.resource.loader.ClasspathResourceLoader
2015-08-29 18:44:14,894 - Log4JLogChute initialized using file 'velocity.log'
2015-08-29 18:44:14,894 - The version of log4j being used does not support the "trace" level.
2015-08-29 18:44:14,894 - Initializing Velocity, Calling init()...
2015-08-29 18:44:14,894 - *******************************************************************
2015-08-29 18:44:14,894 - Starting Apache Velocity v1.7 (compiled: 2010-11-19 12:14:37)
2015-08-29 18:44:14,894 - RuntimeInstance initializing.
2015-08-29 18:44:14,894 - Default Properties File: org/apache/velocity/runtime/defaults/velocity.properties
2015-08-29 18:44:14,894 - Trying to use logger class org.apache.velocity.runtime.log.AvalonLogChute
2015-08-29 18:44:14,894 - Target log system for org.apache.velocity.runtime.log.AvalonLogChute is not available (java.lang.NoClassDefFoundError: org/apache/log/format/Formatter).  Falling back to next log system...
2015-08-29 18:44:14,894 - Trying to use logger class org.apache.velocity.runtime.log.Log4JLogChute
2015-08-29 18:44:14,894 - Using logger class org.apache.velocity.runtime.log.Log4JLogChute
2015-08-29 18:44:14,896 - Default ResourceManager initializing. (class org.apache.velocity.runtime.resource.ResourceManagerImpl)
2015-08-29 18:44:14,897 - ResourceLoader instantiated: org.apache.velocity.runtime.resource.loader.ClasspathResourceLoader
2015-08-29 18:44:14,898 - ClasspathResourceLoader : initialization complete.
2015-08-29 18:44:14,906 - ResourceCache: initialized (class org.apache.velocity.runtime.resource.ResourceCacheImpl) with class java.util.Collections$SynchronizedMap cache map.
2015-08-29 18:44:14,907 - Default ResourceManager initialization complete.
2015-08-29 18:44:14,908 - Loaded System Directive: org.apache.velocity.runtime.directive.Stop
2015-08-29 18:44:14,909 - Loaded System Directive: org.apache.velocity.runtime.directive.Define
2015-08-29 18:44:14,909 - Loaded System Directive: org.apache.velocity.runtime.directive.Break
2015-08-29 18:44:14,910 - Loaded System Directive: org.apache.velocity.runtime.directive.Evaluate
2015-08-29 18:44:14,911 - Loaded System Directive: org.apache.velocity.runtime.directive.Literal
2015-08-29 18:44:14,912 - Loaded System Directive: org.apache.velocity.runtime.directive.Macro
2015-08-29 18:44:14,913 - Loaded System Directive: org.apache.velocity.runtime.directive.Parse
2015-08-29 18:44:14,914 - Loaded System Directive: org.apache.velocity.runtime.directive.Include
2015-08-29 18:44:14,915 - Loaded System Directive: org.apache.velocity.runtime.directive.Foreach
2015-08-29 18:44:14,939 - Created '20' parsers.
2015-08-29 18:44:14,944 - Velocimacro : initialization starting.
2015-08-29 18:44:14,944 - Velocimacro : "velocimacro.library" is not set.  Trying default library: VM_global_library.vm
2015-08-29 18:44:14,944 - Could not load resource 'VM_global_library.vm' from ResourceLoader org.apache.velocity.runtime.resource.loader.ClasspathResourceLoader: ClasspathResourceLoader Error: cannot find resource VM_global_library.vm
2015-08-29 18:44:14,944 - Velocimacro : Default library not found.
2015-08-29 18:44:14,944 - Velocimacro : allowInline = true : VMs can be defined inline in templates
2015-08-29 18:44:14,944 - Velocimacro : allowInlineToOverride = false : VMs defined inline may NOT replace previous VM definitions
2015-08-29 18:44:14,944 - Velocimacro : allowInlineLocal = false : VMs defined inline will be global in scope if allowed.
2015-08-29 18:44:14,944 - Velocimacro : autoload off : VM system will not automatically reload global library macros
2015-08-29 18:44:14,944 - Velocimacro : Velocimacro : initialization complete.
2015-08-29 18:44:14,944 - RuntimeInstance successfully initialized.
2015-08-29 18:44:14,965 - ResourceManager : found gtksourceview.vm with loader org.apache.velocity.runtime.resource.loader.ClasspathResourceLoader
2015-08-29 18:46:47,113 - Log4JLogChute initialized using file 'velocity.log'
2015-08-29 18:46:47,114 - The version of log4j being used does not support the "trace" level.
2015-08-29 18:46:47,114 - Initializing Velocity, Calling init()...
2015-08-29 18:46:47,114 - *******************************************************************
2015-08-29 18:46:47,114 - Starting Apache Velocity v1.7 (compiled: 2010-11-19 12:14:37)
2015-08-29 18:46:47,114 - RuntimeInstance initializing.
2015-08-29 18:46:47,114 - Default Properties File: org/apache/velocity/runtime/defaults/velocity.properties
2015-08-29 18:46:47,114 - Trying to use logger class org.apache.velocity.runtime.log.AvalonLogChute
2015-08-29 18:46:47,114 - Target log system for org.apache.velocity.runtime.log.AvalonLogChute is not available (java.lang.NoClassDefFoundError: org/apache/log/format/Formatter).  Falling back to next log system...
2015-08-29 18:46:47,114 - Trying to use logger class org.apache.velocity.runtime.log.Log4JLogChute
2015-08-29 18:46:47,114 - Using logger class org.apache.velocity.runtime.log.Log4JLogChute
2015-08-29 18:46:47,116 - Default ResourceManager initializing. (class org.apache.velocity.runtime.resource.ResourceManagerImpl)
2015-08-29 18:46:47,116 - ResourceLoader instantiated: org.apache.velocity.runtime.resource.loader.ClasspathResourceLoader
2015-08-29 18:46:47,117 - ClasspathResourceLoader : initialization complete.
2015-08-29 18:46:47,126 - ResourceCache: initialized (class org.apache.velocity.runtime.resource.ResourceCacheImpl) with class java.util.Collections$SynchronizedMap cache map.
2015-08-29 18:46:47,127 - Default ResourceManager initialization complete.
2015-08-29 18:46:47,128 - Loaded System Directive: org.apache.velocity.runtime.directive.Stop
2015-08-29 18:46:47,129 - Loaded System Directive: org.apache.velocity.runtime.directive.Define
2015-08-29 18:46:47,130 - Loaded System Directive: org.apache.velocity.runtime.directive.Break
2015-08-29 18:46:47,130 - Loaded System Directive: org.apache.velocity.runtime.directive.Evaluate
2015-08-29 18:46:47,131 - Loaded System Directive: org.apache.velocity.runtime.directive.Literal
2015-08-29 18:46:47,132 - Loaded System Directive: org.apache.velocity.runtime.directive.Macro
2015-08-29 18:46:47,133 - Loaded System Directive: org.apache.velocity.runtime.directive.Parse
2015-08-29 18:46:47,134 - Loaded System Directive: org.apache.velocity.runtime.directive.Include
2015-08-29 18:46:47,135 - Loaded System Directive: org.apache.velocity.runtime.directive.Foreach
2015-08-29 18:46:47,156 - Created '20' parsers.
2015-08-29 18:46:47,161 - Velocimacro : initialization starting.
2015-08-29 18:46:47,161 - Velocimacro : "velocimacro.library" is not set.  Trying default library: VM_global_library.vm
2015-08-29 18:46:47,161 - Could not load resource 'VM_global_library.vm' from ResourceLoader org.apache.velocity.runtime.resource.loader.ClasspathResourceLoader: ClasspathResourceLoader Error: cannot find resource VM_global_library.vm
2015-08-29 18:46:47,161 - Velocimacro : Default library not found.
2015-08-29 18:46:47,161 - Velocimacro : allowInline = true : VMs can be defined inline in templates
2015-08-29 18:46:47,161 - Velocimacro : allowInlineToOverride = false : VMs defined inline may NOT replace previous VM definitions
2015-08-29 18:46:47,161 - Velocimacro : allowInlineLocal = false : VMs defined inline will be global in scope if allowed.
2015-08-29 18:46:47,161 - Velocimacro : autoload off : VM system will not automatically reload global library macros
2015-08-29 18:46:47,161 - Velocimacro : Velocimacro : initialization complete.
2015-08-29 18:46:47,161 - RuntimeInstance successfully initialized.
2015-08-29 18:46:47,180 - ResourceManager : found gtksourceview.vm with loader org.apache.velocity.runtime.resource.loader.ClasspathResourceLoader
2015-08-29 18:53:52,980 - Log4JLogChute initialized using file 'velocity.log'
2015-08-29 18:53:52,980 - The version of log4j being used does not support the "trace" level.
2015-08-29 18:53:52,980 - Initializing Velocity, Calling init()...
2015-08-29 18:53:52,980 - *******************************************************************
2015-08-29 18:53:52,980 - Starting Apache Velocity v1.7 (compiled: 2010-11-19 12:14:37)
2015-08-29 18:53:52,980 - RuntimeInstance initializing.
2015-08-29 18:53:52,980 - Default Properties File: org/apache/velocity/runtime/defaults/velocity.properties
2015-08-29 18:53:52,980 - Trying to use logger class org.apache.velocity.runtime.log.AvalonLogChute
2015-08-29 18:53:52,980 - Target log system for org.apache.velocity.runtime.log.AvalonLogChute is not available (java.lang.NoClassDefFoundError: org/apache/log/format/Formatter).  Falling back to next log system...
2015-08-29 18:53:52,980 - Trying to use logger class org.apache.velocity.runtime.log.Log4JLogChute
2015-08-29 18:53:52,980 - Using logger class org.apache.velocity.runtime.log.Log4JLogChute
2015-08-29 18:53:52,982 - Default ResourceManager initializing. (class org.apache.velocity.runtime.resource.ResourceManagerImpl)
2015-08-29 18:53:52,983 - ResourceLoader instantiated: org.apache.velocity.runtime.resource.loader.ClasspathResourceLoader
2015-08-29 18:53:52,984 - ClasspathResourceLoader : initialization complete.
2015-08-29 18:53:52,997 - ResourceCache: initialized (class org.apache.velocity.runtime.resource.ResourceCacheImpl) with class java.util.Collections$SynchronizedMap cache map.
2015-08-29 18:53:52,997 - Default ResourceManager initialization complete.
2015-08-29 18:53:52,999 - Loaded System Directive: org.apache.velocity.runtime.directive.Stop
2015-08-29 18:53:53,000 - Loaded System Directive: org.apache.velocity.runtime.directive.Define
2015-08-29 18:53:53,000 - Loaded System Directive: org.apache.velocity.runtime.directive.Break
2015-08-29 18:53:53,001 - Loaded System Directive: org.apache.velocity.runtime.directive.Evaluate
2015-08-29 18:53:53,002 - Loaded System Directive: org.apache.velocity.runtime.directive.Literal
2015-08-29 18:53:53,003 - Loaded System Directive: org.apache.velocity.runtime.directive.Macro
2015-08-29 18:53:53,004 - Loaded System Directive: org.apache.velocity.runtime.directive.Parse
2015-08-29 18:53:53,005 - Loaded System Directive: org.apache.velocity.runtime.directive.Include
2015-08-29 18:53:53,006 - Loaded System Directive: org.apache.velocity.runtime.directive.Foreach
2015-08-29 18:53:53,028 - Created '20' parsers.
2015-08-29 18:53:53,032 - Velocimacro : initialization starting.
2015-08-29 18:53:53,032 - Velocimacro : "velocimacro.library" is not set.  Trying default library: VM_global_library.vm
2015-08-29 18:53:53,033 - Could not load resource 'VM_global_library.vm' from ResourceLoader org.apache.velocity.runtime.resource.loader.ClasspathResourceLoader: ClasspathResourceLoader Error: cannot find resource VM_global_library.vm
2015-08-29 18:53:53,033 - Velocimacro : Default library not found.
2015-08-29 18:53:53,033 - Velocimacro : allowInline = true : VMs can be defined inline in templates
2015-08-29 18:53:53,033 - Velocimacro : allowInlineToOverride = false : VMs defined inline may NOT replace previous VM definitions
2015-08-29 18:53:53,033 - Velocimacro : allowInlineLocal = false : VMs defined inline will be global in scope if allowed.
2015-08-29 18:53:53,033 - Velocimacro : autoload off : VM system will not automatically reload global library macros
2015-08-29 18:53:53,033 - Velocimacro : Velocimacro : initialization complete.
2015-08-29 18:53:53,033 - RuntimeInstance successfully initialized.
2015-08-29 18:53:53,055 - ResourceManager : found kate.vm with loader org.apache.velocity.runtime.resource.loader.ClasspathResourceLoader
2015-08-29 18:56:03,417 - Log4JLogChute initialized using file 'velocity.log'
2015-08-29 18:56:03,417 - The version of log4j being used does not support the "trace" level.
2015-08-29 18:56:03,417 - Initializing Velocity, Calling init()...
2015-08-29 18:56:03,417 - *******************************************************************
2015-08-29 18:56:03,417 - Starting Apache Velocity v1.7 (compiled: 2010-11-19 12:14:37)
2015-08-29 18:56:03,417 - RuntimeInstance initializing.
2015-08-29 18:56:03,417 - Default Properties File: org/apache/velocity/runtime/defaults/velocity.properties
2015-08-29 18:56:03,417 - Trying to use logger class org.apache.velocity.runtime.log.AvalonLogChute
2015-08-29 18:56:03,417 - Target log system for org.apache.velocity.runtime.log.AvalonLogChute is not available (java.lang.NoClassDefFoundError: org/apache/log/format/Formatter).  Falling back to next log system...
2015-08-29 18:56:03,417 - Trying to use logger class org.apache.velocity.runtime.log.Log4JLogChute
2015-08-29 18:56:03,417 - Using logger class org.apache.velocity.runtime.log.Log4JLogChute
2015-08-29 18:56:03,419 - Default ResourceManager initializing. (class org.apache.velocity.runtime.resource.ResourceManagerImpl)
2015-08-29 18:56:03,420 - ResourceLoader instantiated: org.apache.velocity.runtime.resource.loader.ClasspathResourceLoader
2015-08-29 18:56:03,421 - ClasspathResourceLoader : initialization complete.
2015-08-29 18:56:03,434 - ResourceCache: initialized (class org.apache.velocity.runtime.resource.ResourceCacheImpl) with class java.util.Collections$SynchronizedMap cache map.
2015-08-29 18:56:03,435 - Default ResourceManager initialization complete.
2015-08-29 18:56:03,436 - Loaded System Directive: org.apache.velocity.runtime.directive.Stop
2015-08-29 18:56:03,437 - Loaded System Directive: org.apache.velocity.runtime.directive.Define
2015-08-29 18:56:03,438 - Loaded System Directive: org.apache.velocity.runtime.directive.Break
2015-08-29 18:56:03,438 - Loaded System Directive: org.apache.velocity.runtime.directive.Evaluate
2015-08-29 18:56:03,439 - Loaded System Directive: org.apache.velocity.runtime.directive.Literal
2015-08-29 18:56:03,440 - Loaded System Directive: org.apache.velocity.runtime.directive.Macro
2015-08-29 18:56:03,441 - Loaded System Directive: org.apache.velocity.runtime.directive.Parse
2015-08-29 18:56:03,442 - Loaded System Directive: org.apache.velocity.runtime.directive.Include
2015-08-29 18:56:03,443 - Loaded System Directive: org.apache.velocity.runtime.directive.Foreach
2015-08-29 18:56:03,465 - Created '20' parsers.
2015-08-29 18:56:03,470 - Velocimacro : initialization starting.
2015-08-29 18:56:03,470 - Velocimacro : "velocimacro.library" is not set.  Trying default library: VM_global_library.vm
2015-08-29 18:56:03,471 - Could not load resource 'VM_global_library.vm' from ResourceLoader org.apache.velocity.runtime.resource.loader.ClasspathResourceLoader: ClasspathResourceLoader Error: cannot find resource VM_global_library.vm
2015-08-29 18:56:03,471 - Velocimacro : Default library not found.
2015-08-29 18:56:03,471 - Velocimacro : allowInline = true : VMs can be defined inline in templates
2015-08-29 18:56:03,471 - Velocimacro : allowInlineToOverride = false : VMs defined inline may NOT replace previous VM definitions
2015-08-29 18:56:03,471 - Velocimacro : allowInlineLocal = false : VMs defined inline will be global in scope if allowed.
2015-08-29 18:56:03,471 - Velocimacro : autoload off : VM system will not automatically reload global library macros
2015-08-29 18:56:03,471 - Velocimacro : Velocimacro : initialization complete.
2015-08-29 18:56:03,471 - RuntimeInstance successfully initialized.
2015-08-29 18:56:03,493 - ResourceManager : found kate.vm with loader org.apache.velocity.runtime.resource.loader.ClasspathResourceLoader
2015-08-29 19:02:59,372 - Log4JLogChute initialized using file 'velocity.log'
2015-08-29 19:02:59,372 - The version of log4j being used does not support the "trace" level.
2015-08-29 19:02:59,373 - Initializing Velocity, Calling init()...
2015-08-29 19:02:59,373 - *******************************************************************
2015-08-29 19:02:59,373 - Starting Apache Velocity v1.7 (compiled: 2010-11-19 12:14:37)
2015-08-29 19:02:59,373 - RuntimeInstance initializing.
2015-08-29 19:02:59,373 - Default Properties File: org/apache/velocity/runtime/defaults/velocity.properties
2015-08-29 19:02:59,373 - Trying to use logger class org.apache.velocity.runtime.log.AvalonLogChute
2015-08-29 19:02:59,373 - Target log system for org.apache.velocity.runtime.log.AvalonLogChute is not available (java.lang.NoClassDefFoundError: org/apache/log/format/Formatter).  Falling back to next log system...
2015-08-29 19:02:59,373 - Trying to use logger class org.apache.velocity.runtime.log.Log4JLogChute
2015-08-29 19:02:59,373 - Using logger class org.apache.velocity.runtime.log.Log4JLogChute
2015-08-29 19:02:59,374 - Default ResourceManager initializing. (class org.apache.velocity.runtime.resource.ResourceManagerImpl)
2015-08-29 19:02:59,375 - ResourceLoader instantiated: org.apache.velocity.runtime.resource.loader.ClasspathResourceLoader
2015-08-29 19:02:59,376 - ClasspathResourceLoader : initialization complete.
2015-08-29 19:02:59,390 - ResourceCache: initialized (class org.apache.velocity.runtime.resource.ResourceCacheImpl) with class java.util.Collections$SynchronizedMap cache map.
2015-08-29 19:02:59,390 - Default ResourceManager initialization complete.
2015-08-29 19:02:59,392 - Loaded System Directive: org.apache.velocity.runtime.directive.Stop
2015-08-29 19:02:59,393 - Loaded System Directive: org.apache.velocity.runtime.directive.Define
2015-08-29 19:02:59,394 - Loaded System Directive: org.apache.velocity.runtime.directive.Break
2015-08-29 19:02:59,395 - Loaded System Directive: org.apache.velocity.runtime.directive.Evaluate
2015-08-29 19:02:59,395 - Loaded System Directive: org.apache.velocity.runtime.directive.Literal
2015-08-29 19:02:59,396 - Loaded System Directive: org.apache.velocity.runtime.directive.Macro
2015-08-29 19:02:59,397 - Loaded System Directive: org.apache.velocity.runtime.directive.Parse
2015-08-29 19:02:59,398 - Loaded System Directive: org.apache.velocity.runtime.directive.Include
2015-08-29 19:02:59,399 - Loaded System Directive: org.apache.velocity.runtime.directive.Foreach
2015-08-29 19:02:59,422 - Created '20' parsers.
2015-08-29 19:02:59,426 - Velocimacro : initialization starting.
2015-08-29 19:02:59,426 - Velocimacro : "velocimacro.library" is not set.  Trying default library: VM_global_library.vm
2015-08-29 19:02:59,427 - Could not load resource 'VM_global_library.vm' from ResourceLoader org.apache.velocity.runtime.resource.loader.ClasspathResourceLoader: ClasspathResourceLoader Error: cannot find resource VM_global_library.vm
2015-08-29 19:02:59,427 - Velocimacro : Default library not found.
2015-08-29 19:02:59,427 - Velocimacro : allowInline = true : VMs can be defined inline in templates
2015-08-29 19:02:59,427 - Velocimacro : allowInlineToOverride = false : VMs defined inline may NOT replace previous VM definitions
2015-08-29 19:02:59,427 - Velocimacro : allowInlineLocal = false : VMs defined inline will be global in scope if allowed.
2015-08-29 19:02:59,427 - Velocimacro : autoload off : VM system will not automatically reload global library macros
2015-08-29 19:02:59,427 - Velocimacro : Velocimacro : initialization complete.
2015-08-29 19:02:59,427 - RuntimeInstance successfully initialized.
2015-08-29 19:02:59,448 - ResourceManager : found kate.vm with loader org.apache.velocity.runtime.resource.loader.ClasspathResourceLoader
2015-08-29 19:26:31,676 - Log4JLogChute initialized using file 'velocity.log'
2015-08-29 19:26:31,677 - The version of log4j being used does not support the "trace" level.
2015-08-29 19:26:31,678 - Initializing Velocity, Calling init()...
2015-08-29 19:26:31,678 - *******************************************************************
2015-08-29 19:26:31,678 - Starting Apache Velocity v1.7 (compiled: 2010-11-19 12:14:37)
2015-08-29 19:26:31,678 - RuntimeInstance initializing.
2015-08-29 19:26:31,678 - Default Properties File: org/apache/velocity/runtime/defaults/velocity.properties
2015-08-29 19:26:31,678 - Trying to use logger class org.apache.velocity.runtime.log.AvalonLogChute
2015-08-29 19:26:31,678 - Target log system for org.apache.velocity.runtime.log.AvalonLogChute is not available (java.lang.NoClassDefFoundError: org/apache/log/format/Formatter).  Falling back to next log system...
2015-08-29 19:26:31,678 - Trying to use logger class org.apache.velocity.runtime.log.Log4JLogChute
2015-08-29 19:26:31,678 - Using logger class org.apache.velocity.runtime.log.Log4JLogChute
2015-08-29 19:26:31,679 - Default ResourceManager initializing. (class org.apache.velocity.runtime.resource.ResourceManagerImpl)
2015-08-29 19:26:31,680 - ResourceLoader instantiated: org.apache.velocity.runtime.resource.loader.ClasspathResourceLoader
2015-08-29 19:26:31,681 - ClasspathResourceLoader : initialization complete.
2015-08-29 19:26:31,693 - ResourceCache: initialized (class org.apache.velocity.runtime.resource.ResourceCacheImpl) with class java.util.Collections$SynchronizedMap cache map.
2015-08-29 19:26:31,693 - Default ResourceManager initialization complete.
2015-08-29 19:26:31,694 - Loaded System Directive: org.apache.velocity.runtime.directive.Stop
2015-08-29 19:26:31,695 - Loaded System Directive: org.apache.velocity.runtime.directive.Define
2015-08-29 19:26:31,696 - Loaded System Directive: org.apache.velocity.runtime.directive.Break
2015-08-29 19:26:31,697 - Loaded System Directive: org.apache.velocity.runtime.directive.Evaluate
2015-08-29 19:26:31,697 - Loaded System Directive: org.apache.velocity.runtime.directive.Literal
2015-08-29 19:26:31,698 - Loaded System Directive: org.apache.velocity.runtime.directive.Macro
2015-08-29 19:26:31,699 - Loaded System Directive: org.apache.velocity.runtime.directive.Parse
2015-08-29 19:26:31,700 - Loaded System Directive: org.apache.velocity.runtime.directive.Include
2015-08-29 19:26:31,701 - Loaded System Directive: org.apache.velocity.runtime.directive.Foreach
2015-08-29 19:26:31,723 - Created '20' parsers.
2015-08-29 19:26:31,727 - Velocimacro : initialization starting.
2015-08-29 19:26:31,727 - Velocimacro : "velocimacro.library" is not set.  Trying default library: VM_global_library.vm
2015-08-29 19:26:31,728 - Could not load resource 'VM_global_library.vm' from ResourceLoader org.apache.velocity.runtime.resource.loader.ClasspathResourceLoader: ClasspathResourceLoader Error: cannot find resource VM_global_library.vm
2015-08-29 19:26:31,728 - Velocimacro : Default library not found.
2015-08-29 19:26:31,728 - Velocimacro : allowInline = true : VMs can be defined inline in templates
2015-08-29 19:26:31,728 - Velocimacro : allowInlineToOverride = false : VMs defined inline may NOT replace previous VM definitions
2015-08-29 19:26:31,728 - Velocimacro : allowInlineLocal = false : VMs defined inline will be global in scope if allowed.
2015-08-29 19:26:31,728 - Velocimacro : autoload off : VM system will not automatically reload global library macros
2015-08-29 19:26:31,728 - Velocimacro : Velocimacro : initialization complete.
2015-08-29 19:26:31,728 - RuntimeInstance successfully initialized.
2015-08-29 19:26:31,749 - ResourceManager : found kate.vm with loader org.apache.velocity.runtime.resource.loader.ClasspathResourceLoader
