2014-06-04 09:04:52,171 - Log4JLogChute initialized using file 'velocity.log'
2014-06-04 09:04:52,172 - The version of log4j being used does not support the "trace" level.
2014-06-04 09:04:52,172 - Initializing Velocity, Calling init()...
2014-06-04 09:04:52,172 - *******************************************************************
2014-06-04 09:04:52,172 - Starting Apache Velocity v1.7 (compiled: 2010-11-19 12:14:37)
2014-06-04 09:04:52,172 - RuntimeInstance initializing.
2014-06-04 09:04:52,172 - Default Properties File: org\apache\velocity\runtime\defaults\velocity.properties
2014-06-04 09:04:52,172 - Trying to use logger class org.apache.velocity.runtime.log.AvalonLogChute
2014-06-04 09:04:52,172 - Target log system for org.apache.velocity.runtime.log.AvalonLogChute is not available (java.lang.NoClassDefFoundError: org/apache/log/format/Formatter).  Falling back to next log system...
2014-06-04 09:04:52,172 - Trying to use logger class org.apache.velocity.runtime.log.Log4JLogChute
2014-06-04 09:04:52,172 - Using logger class org.apache.velocity.runtime.log.Log4JLogChute
2014-06-04 09:04:52,175 - Default ResourceManager initializing. (class org.apache.velocity.runtime.resource.ResourceManagerImpl)
2014-06-04 09:04:52,179 - ResourceLoader instantiated: org.apache.velocity.runtime.resource.loader.FileResourceLoader
2014-06-04 09:04:52,181 - FileResourceLoader : initialization starting.
2014-06-04 09:04:52,181 - Do unicode file recognition:  false
2014-06-04 09:04:52,181 - FileResourceLoader : adding path '.'
2014-06-04 09:04:52,181 - FileResourceLoader : initialization complete.
2014-06-04 09:04:52,193 - ResourceCache: initialized (class org.apache.velocity.runtime.resource.ResourceCacheImpl) with class java.util.Collections$SynchronizedMap cache map.
2014-06-04 09:04:52,193 - Default ResourceManager initialization complete.
2014-06-04 09:04:52,195 - Loaded System Directive: org.apache.velocity.runtime.directive.Stop
2014-06-04 09:04:52,196 - Loaded System Directive: org.apache.velocity.runtime.directive.Define
2014-06-04 09:04:52,197 - Loaded System Directive: org.apache.velocity.runtime.directive.Break
2014-06-04 09:04:52,198 - Loaded System Directive: org.apache.velocity.runtime.directive.Evaluate
2014-06-04 09:04:52,199 - Loaded System Directive: org.apache.velocity.runtime.directive.Literal
2014-06-04 09:04:52,200 - Loaded System Directive: org.apache.velocity.runtime.directive.Macro
2014-06-04 09:04:52,202 - Loaded System Directive: org.apache.velocity.runtime.directive.Parse
2014-06-04 09:04:52,203 - Loaded System Directive: org.apache.velocity.runtime.directive.Include
2014-06-04 09:04:52,204 - Loaded System Directive: org.apache.velocity.runtime.directive.Foreach
2014-06-04 09:04:52,234 - Created '20' parsers.
2014-06-04 09:04:52,241 - Velocimacro : initialization starting.
2014-06-04 09:04:52,241 - Velocimacro : "velocimacro.library" is not set.  Trying default library: VM_global_library.vm
2014-06-04 09:04:52,241 - Velocimacro : Default library not found.
2014-06-04 09:04:52,241 - Velocimacro : allowInline = true : VMs can be defined inline in templates
2014-06-04 09:04:52,241 - Velocimacro : allowInlineToOverride = false : VMs defined inline may NOT replace previous VM definitions
2014-06-04 09:04:52,241 - Velocimacro : allowInlineLocal = false : VMs defined inline will be global in scope if allowed.
2014-06-04 09:04:52,241 - Velocimacro : autoload off : VM system will not automatically reload global library macros
2014-06-04 09:04:52,241 - Velocimacro : Velocimacro : initialization complete.
2014-06-04 09:04:52,241 - RuntimeInstance successfully initialized.
